<?xml version="1.0" encoding="utf-8"?>
<shfbBuild product="Sandcastle Help File Builder and Tools" version="2016.5.28.0" projectFile="C:\Users\apolcyn\grpc_workspace\grpc\src\csharp\doc\grpc_csharp_public.shfbproj" started="8/18/2016 7:40:02 PM">
<buildStep step="Initializing">
Finding tools...
The Sandcastle tools are located in &#39;C:\Program Files (x86)\EWSoftware\Sandcastle Help File Builder\&#39;
Locating components in the following folder(s):
    C:\Users\apolcyn\grpc_workspace\grpc\src\csharp\doc
    C:\ProgramData\EWSoftware\Sandcastle Help File Builder\Components and Plug-Ins\
    C:\Program Files (x86)\EWSoftware\Sandcastle Help File Builder\
Using framework reflection data for &#39;.NET Framework 4.5&#39; located in &#39;C:\Program Files (x86)\EWSoftware\Sandcastle Help File Builder\Data\.NETFramework&#39;
Using presentation style &#39;VS2013&#39; located in &#39;C:\Program Files (x86)\EWSoftware\Sandcastle Help File Builder\PresentationStyles\VS2013&#39;
Loading and initializing plug-ins...
Lightweight Website Style Version 2016.5.28.0
Copyright &#169; 2006-2016, Eric Woodruff, All Rights Reserved
Portions Copyright &#169; 2014, Sam Harwell, All Rights Reserved
-------------------------------
Clearing any prior web/markdown output...
</buildStep>
<buildStep step="ValidatingDocumentationSources">
Validating and copying documentation source information
Source: C:\Users\apolcyn\grpc_workspace\grpc\src\csharp\Grpc.Auth\Grpc.Auth.csproj
    Found project &#39;C:\Users\apolcyn\grpc_workspace\grpc\src\csharp\Grpc.Auth\Grpc.Auth.csproj&#39;
Source: C:\Users\apolcyn\grpc_workspace\grpc\src\csharp\Grpc.Core\Grpc.Core.csproj
    Found project &#39;C:\Users\apolcyn\grpc_workspace\grpc\src\csharp\Grpc.Core\Grpc.Core.csproj&#39;

Parsing project files
    Found assembly &#39;C:\Users\apolcyn\grpc_workspace\grpc\src\csharp\Grpc.Auth\bin\Release\Grpc.Auth.dll&#39;
    Found assembly &#39;C:\Users\apolcyn\grpc_workspace\grpc\src\csharp\Grpc.Core\bin\Release\Grpc.Core.dll&#39;

References to include (excluding framework assemblies):
    BouncyCastle.Crypto
    Google.Apis.Auth
    Google.Apis.Auth.PlatformServices
    Google.Apis.Core
    Newtonsoft.Json
    System.Interactive.Async

Copying XML comments files
    C:\Users\apolcyn\grpc_workspace\grpc\src\csharp\Grpc.Auth\bin\Release\Grpc.Auth.Xml -&gt; C:\Users\apolcyn\grpc_workspace\grpc\doc\ref\csharp\html\Working\Grpc.Auth.Xml
    C:\Users\apolcyn\grpc_workspace\grpc\src\csharp\Grpc.Core\bin\Release\Grpc.Core.Xml -&gt; C:\Users\apolcyn\grpc_workspace\grpc\doc\ref\csharp\html\Working\Grpc.Core.Xml
</buildStep>
<buildStep step="GenerateSharedContent">
Generating shared content files (en-US, English (United States))...
<plugIn name="Lightweight Website Style" behavior="After" priority="1000">
</plugIn>    Last step completed in 00:00:00.0000
</buildStep>
<buildStep step="GenerateApiFilter">
Generating API filter for MRefBuilder...
    Last step completed in 00:00:00.0000
</buildStep>
<buildStep step="GenerateReflectionInfo">
Generating reflection information...
[C:\Windows\Microsoft.NET\Framework64\v4.0.30319\MSBuild.exe - GenerateRefInfo.proj]
Build started 8/18/2016 7:40:02 PM.
Project &quot;C:\Users\apolcyn\grpc_workspace\grpc\doc\ref\csharp\html\Working\GenerateRefInfo.proj&quot; on node 1 (default targets).
PrepareForBuild:
  Creating directory &quot;obj\Debug\&quot;.
GenerateRefInfo:
  MRefBuilder (v2016.5.28.0)
  Copyright c 2006-2016, Microsoft Corporation, All Rights Reserved.
  Portions Copyright c 2006-2016, Eric Woodruff, All Rights Reserved.
  Loaded 2 assemblies for reflection and 7 dependency assemblies.
  Wrote information on 4 namespaces, 69 types, and 338 members
  Copying file from &quot;reflection.org&quot; to &quot;reflection.all&quot;.
  XslTransform (v2016.5.28.0)
  Copyright c 2006-2016, Microsoft Corporation, All Rights Reserved.
  Portions Copyright c 2006-2016, Eric Woodruff, All Rights Reserved.
  Applying XSL transformation &#39;C:\Program Files (x86)\EWSoftware\Sandcastle Help File Builder\ProductionTransforms\MergeDuplicates.xsl&#39;.
Done Building Project &quot;C:\Users\apolcyn\grpc_workspace\grpc\doc\ref\csharp\html\Working\GenerateRefInfo.proj&quot; (default targets).

Build succeeded.

Time Elapsed 00:00:00.98
    Last step completed in 00:00:01.1094
</buildStep>
<buildStep step="TransformReflectionInfo">
Transforming reflection output...
[C:\Windows\Microsoft.NET\Framework64\v4.0.30319\MSBuild.exe - TransformManifest.proj]
Build started 8/18/2016 7:40:04 PM.
Project &quot;C:\Users\apolcyn\grpc_workspace\grpc\doc\ref\csharp\html\Working\TransformManifest.proj&quot; on node 1 (default targets).
TransformManifest:
  XslTransform (v2016.5.28.0)
  Copyright c 2006-2016, Microsoft Corporation, All Rights Reserved.
  Portions Copyright c 2006-2016, Eric Woodruff, All Rights Reserved.
  Applying XSL transformation &#39;C:\Program Files (x86)\EWSoftware\Sandcastle Help File Builder\\ProductionTransforms\ApplyVSDocModel.xsl&#39;.
  Copying file from &quot;reflection.xml&quot; to &quot;reflection.nofilenames&quot;.
  XslTransform (v2016.5.28.0)
  Copyright c 2006-2016, Microsoft Corporation, All Rights Reserved.
  Portions Copyright c 2006-2016, Eric Woodruff, All Rights Reserved.
  Applying XSL transformation &#39;C:\Program Files (x86)\EWSoftware\Sandcastle Help File Builder\ProductionTransforms\AddFilenames.xsl&#39;.
    Unique name M_Grpc_Core_CallInvocationDetails_2__ctor_1 generated for M:Grpc.Core.CallInvocationDetails`2.#ctor(Grpc.Core.Channel,Grpc.Core.Method{`0,`1},System.String,Grpc.Core.CallOptions)
    Unique name M_Grpc_Core_CallInvocationDetails_2__ctor_2 generated for M:Grpc.Core.CallInvocationDetails`2.#ctor(Grpc.Core.Channel,System.String,System.String,Grpc.Core.Marshaller{`0},Grpc.Core.Marshaller{`1},Grpc.Core.CallOptions)
    Unique name M_Grpc_Core_Channel__ctor_1 generated for M:Grpc.Core.Channel.#ctor(System.String,Grpc.Core.ChannelCredentials,System.Collections.Generic.IEnumerable{Grpc.Core.ChannelOption})
    Unique name M_Grpc_Core_Channel__ctor_2 generated for M:Grpc.Core.Channel.#ctor(System.String,System.Int32,Grpc.Core.ChannelCredentials)
    Unique name M_Grpc_Core_Channel__ctor_3 generated for M:Grpc.Core.Channel.#ctor(System.String,System.Int32,Grpc.Core.ChannelCredentials,System.Collections.Generic.IEnumerable{Grpc.Core.ChannelOption})
    Unique name M_Grpc_Core_ChannelOption__ctor_1 generated for M:Grpc.Core.ChannelOption.#ctor(System.String,System.String)
    Unique name M_Grpc_Core_ClientBase__ctor_1 generated for M:Grpc.Core.ClientBase.#ctor(Grpc.Core.CallInvoker)
    Unique name M_Grpc_Core_ClientBase__ctor_2 generated for M:Grpc.Core.ClientBase.#ctor(Grpc.Core.Channel)
    Unique name M_Grpc_Core_ClientBase__ctor_3 generated for M:Grpc.Core.ClientBase.#ctor(Grpc.Core.ClientBase.ClientBaseConfiguration)
    Unique name M_Grpc_Core_ClientBase_1__ctor_1 generated for M:Grpc.Core.ClientBase`1.#ctor(Grpc.Core.CallInvoker)
    Unique name M_Grpc_Core_ClientBase_1__ctor_2 generated for M:Grpc.Core.ClientBase`1.#ctor(Grpc.Core.Channel)
    Unique name M_Grpc_Core_ClientBase_1__ctor_3 generated for M:Grpc.Core.ClientBase`1.#ctor(Grpc.Core.ClientBase.ClientBaseConfiguration)
    Unique name M_Grpc_Core_Metadata_Add_1 generated for M:Grpc.Core.Metadata.Add(System.String,System.Byte[])
    Unique name M_Grpc_Core_Metadata_Add_2 generated for M:Grpc.Core.Metadata.Add(System.String,System.String)
    Unique name M_Grpc_Core_Metadata_Entry__ctor_1 generated for M:Grpc.Core.Metadata.Entry.#ctor(System.String,System.String)
    Unique name M_Grpc_Core_RpcException__ctor_1 generated for M:Grpc.Core.RpcException.#ctor(Grpc.Core.Status,System.String)
    Unique name M_Grpc_Core_Server__ctor_1 generated for M:Grpc.Core.Server.#ctor(System.Collections.Generic.IEnumerable{Grpc.Core.ChannelOption})
    Unique name M_Grpc_Core_Server_ServerPortCollection_Add_1 generated for M:Grpc.Core.Server.ServerPortCollection.Add(System.String,System.Int32,Grpc.Core.ServerCredentials)
    Unique name M_Grpc_Core_ServerServiceDefinition_Builder_AddMethod__2_1 generated for M:Grpc.Core.ServerServiceDefinition.Builder.AddMethod``2(Grpc.Core.Method{``0,``1},Grpc.Core.DuplexStreamingServerMethod{``0,``1})
    Unique name M_Grpc_Core_ServerServiceDefinition_Builder_AddMethod__2_2 generated for M:Grpc.Core.ServerServiceDefinition.Builder.AddMethod``2(Grpc.Core.Method{``0,``1},Grpc.Core.ServerStreamingServerMethod{``0,``1})
    Unique name M_Grpc_Core_ServerServiceDefinition_Builder_AddMethod__2_3 generated for M:Grpc.Core.ServerServiceDefinition.Builder.AddMethod``2(Grpc.Core.Method{``0,``1},Grpc.Core.UnaryServerMethod{``0,``1})
    Unique name M_Grpc_Core_SslCredentials__ctor_1 generated for M:Grpc.Core.SslCredentials.#ctor(System.String)
    Unique name M_Grpc_Core_SslCredentials__ctor_2 generated for M:Grpc.Core.SslCredentials.#ctor(System.String,Grpc.Core.KeyCertificatePair)
    Unique name M_Grpc_Core_SslServerCredentials__ctor_1 generated for M:Grpc.Core.SslServerCredentials.#ctor(System.Collections.Generic.IEnumerable{Grpc.Core.KeyCertificatePair},System.String,System.Boolean)
    Unique name M_Grpc_Core_Logging_ILogger_Debug_1 generated for M:Grpc.Core.Logging.ILogger.Debug(System.String,System.Object[])
    Unique name M_Grpc_Core_Logging_ILogger_Error_1 generated for M:Grpc.Core.Logging.ILogger.Error(System.String)
    Unique name M_Grpc_Core_Logging_ILogger_Error_2 generated for M:Grpc.Core.Logging.ILogger.Error(System.String,System.Object[])
    Unique name M_Grpc_Core_Logging_ILogger_Info_1 generated for M:Grpc.Core.Logging.ILogger.Info(System.String,System.Object[])
    Unique name M_Grpc_Core_Logging_ILogger_Warning_1 generated for M:Grpc.Core.Logging.ILogger.Warning(System.String)
    Unique name M_Grpc_Core_Logging_ILogger_Warning_2 generated for M:Grpc.Core.Logging.ILogger.Warning(System.String,System.Object[])
    Unique name M_Grpc_Core_Logging_LogLevelFilterLogger_Debug_1 generated for M:Grpc.Core.Logging.LogLevelFilterLogger.Debug(System.String,System.Object[])
    Unique name M_Grpc_Core_Logging_LogLevelFilterLogger_Error_1 generated for M:Grpc.Core.Logging.LogLevelFilterLogger.Error(System.String)
    Unique name M_Grpc_Core_Logging_LogLevelFilterLogger_Error_2 generated for M:Grpc.Core.Logging.LogLevelFilterLogger.Error(System.String,System.Object[])
    Unique name M_Grpc_Core_Logging_LogLevelFilterLogger_Info_1 generated for M:Grpc.Core.Logging.LogLevelFilterLogger.Info(System.String,System.Object[])
    Unique name M_Grpc_Core_Logging_LogLevelFilterLogger_Warning_1 generated for M:Grpc.Core.Logging.LogLevelFilterLogger.Warning(System.String)
    Unique name M_Grpc_Core_Logging_LogLevelFilterLogger_Warning_2 generated for M:Grpc.Core.Logging.LogLevelFilterLogger.Warning(System.String,System.Object[])
    Unique name M_Grpc_Core_Logging_NullLogger_Debug_1 generated for M:Grpc.Core.Logging.NullLogger.Debug(System.String,System.Object[])
    Unique name M_Grpc_Core_Logging_NullLogger_Error_1 generated for M:Grpc.Core.Logging.NullLogger.Error(System.String)
    Unique name M_Grpc_Core_Logging_NullLogger_Error_2 generated for M:Grpc.Core.Logging.NullLogger.Error(System.String,System.Object[])
    Unique name M_Grpc_Core_Logging_NullLogger_Info_1 generated for M:Grpc.Core.Logging.NullLogger.Info(System.String,System.Object[])
    Unique name M_Grpc_Core_Logging_NullLogger_Warning_1 generated for M:Grpc.Core.Logging.NullLogger.Warning(System.String)
    Unique name M_Grpc_Core_Logging_NullLogger_Warning_2 generated for M:Grpc.Core.Logging.NullLogger.Warning(System.String,System.Object[])
    Unique name M_Grpc_Core_Logging_TextWriterLogger__ctor_1 generated for M:Grpc.Core.Logging.TextWriterLogger.#ctor(System.Func{System.IO.TextWriter},System.Type)
    Unique name M_Grpc_Core_Logging_TextWriterLogger__ctor_2 generated for M:Grpc.Core.Logging.TextWriterLogger.#ctor(System.IO.TextWriter)
    Unique name M_Grpc_Core_Logging_TextWriterLogger_Debug_1 generated for M:Grpc.Core.Logging.TextWriterLogger.Debug(System.String,System.Object[])
    Unique name M_Grpc_Core_Logging_TextWriterLogger_Error_1 generated for M:Grpc.Core.Logging.TextWriterLogger.Error(System.String)
    Unique name M_Grpc_Core_Logging_TextWriterLogger_Error_2 generated for M:Grpc.Core.Logging.TextWriterLogger.Error(System.String,System.Object[])
    Unique name M_Grpc_Core_Logging_TextWriterLogger_Info_1 generated for M:Grpc.Core.Logging.TextWriterLogger.Info(System.String,System.Object[])
    Unique name M_Grpc_Core_Logging_TextWriterLogger_Warning_1 generated for M:Grpc.Core.Logging.TextWriterLogger.Warning(System.String)
    Unique name M_Grpc_Core_Logging_TextWriterLogger_Warning_2 generated for M:Grpc.Core.Logging.TextWriterLogger.Warning(System.String,System.Object[])
    Unique name M_Grpc_Core_Utils_AsyncStreamExtensions_WriteAllAsync__1_1 generated for M:Grpc.Core.Utils.AsyncStreamExtensions.WriteAllAsync``1(Grpc.Core.IServerStreamWriter{``0},System.Collections.Generic.IEnumerable{``0})
    Unique name M_Grpc_Core_Utils_GrpcPreconditions_CheckArgument_1 generated for M:Grpc.Core.Utils.GrpcPreconditions.CheckArgument(System.Boolean,System.String)
    Unique name M_Grpc_Core_Utils_GrpcPreconditions_CheckNotNull__1_1 generated for M:Grpc.Core.Utils.GrpcPreconditions.CheckNotNull``1(``0,System.String)
    Unique name M_Grpc_Core_Utils_GrpcPreconditions_CheckState_1 generated for M:Grpc.Core.Utils.GrpcPreconditions.CheckState(System.Boolean,System.String)
  XslTransform (v2016.5.28.0)
  Copyright c 2006-2016, Microsoft Corporation, All Rights Reserved.
  Portions Copyright c 2006-2016, Eric Woodruff, All Rights Reserved.
  Applying XSL transformation &#39;C:\Program Files (x86)\EWSoftware\Sandcastle Help File Builder\ProductionTransforms\ReflectionToManifest.xsl&#39;.
Done Building Project &quot;C:\Users\apolcyn\grpc_workspace\grpc\doc\ref\csharp\html\Working\TransformManifest.proj&quot; (default targets).

Build succeeded.

Time Elapsed 00:00:00.73
    Last step completed in 00:00:00.7969
</buildStep>
<buildStep step="GenerateNamespaceSummaries">
Generating namespace summary information...
    Last step completed in 00:00:00.0312
</buildStep>
<buildStep step="CopyAdditionalContent">
Copying additional content files...
No additional content to copy
    Last step completed in 00:00:00.0000
</buildStep>
<buildStep step="MergeTablesOfContents">
Merging conceptual and additional tables of contents...
    Last step completed in 00:00:00.0000
</buildStep>
<buildStep step="GenerateIntermediateTableOfContents">
Generating intermediate table of contents file...
[C:\Windows\Microsoft.NET\Framework64\v4.0.30319\MSBuild.exe - GenerateIntermediateTOC.proj]
Build started 8/18/2016 7:40:04 PM.
Project &quot;C:\Users\apolcyn\grpc_workspace\grpc\doc\ref\csharp\html\Working\GenerateIntermediateTOC.proj&quot; on node 1 (default targets).
GenerateIntermediateTOC:
  XslTransform (v2016.5.28.0)
  Copyright c 2006-2016, Microsoft Corporation, All Rights Reserved.
  Portions Copyright c 2006-2016, Eric Woodruff, All Rights Reserved.
  Applying XSL transformation &#39;C:\Program Files (x86)\EWSoftware\Sandcastle Help File Builder\\ProductionTransforms\CreateVSToc.xsl&#39;.
Done Building Project &quot;C:\Users\apolcyn\grpc_workspace\grpc\doc\ref\csharp\html\Working\GenerateIntermediateTOC.proj&quot; (default targets).

Build succeeded.

Time Elapsed 00:00:00.18
Generating conceptual content intermediate TOC file...
    Last step completed in 00:00:00.2813
</buildStep>
<buildStep step="CreateBuildAssemblerConfigs">
Creating Sandcastle configuration files...
    sandcastle.config
    Last step completed in 00:00:00.1406
</buildStep>
<buildStep step="MergeCustomConfigs">
Merging custom build component configurations
C:\Users\apolcyn\grpc_workspace\grpc\doc\ref\csharp\html\Working\sandcastle.config
  Updating reference topic configurations.
  No conceptual content.  Removing conceptual content components.
    Last step completed in 00:00:00.0000
</buildStep>
<buildStep step="BuildTopics">
Building help topics...
[C:\Windows\Microsoft.NET\Framework64\v4.0.30319\MSBuild.exe - BuildTopics.proj]
Build started 8/18/2016 7:40:05 PM.
Project &quot;C:\Users\apolcyn\grpc_workspace\grpc\doc\ref\csharp\html\Working\BuildTopics.proj&quot; on node 1 (default targets).
BuildTopics:
  BuildAssembler (v2016.5.28.0)
  Copyright c 2006-2016, Microsoft Corporation, All Rights Reserved.
  Portions Copyright c 2006-2016, Eric Woodruff, All Rights Reserved.
  Loading configuration...
  Processing topics...
BuildAssembler : warning : ResolveReferenceLinksComponent: [M:Grpc.Auth.GoogleAuthInterceptors.FromCredential(Google.Apis.Auth.OAuth2.ITokenAccess)] Unknown reference link target &#39;T:Google.Apis.Auth.OAuth2.ITokenAccess&#39;. [C:\Users\apolcyn\grpc_workspace\grpc\doc\ref\csharp\html\Working\BuildTopics.proj]
BuildAssembler : warning : ResolveReferenceLinksComponent: [M:Grpc.Auth.GoogleGrpcCredentials.ToCallCredentials(Google.Apis.Auth.OAuth2.ITokenAccess)] Unknown reference link target &#39;T:Google.Apis.Auth.OAuth2.ITokenAccess&#39;. [C:\Users\apolcyn\grpc_workspace\grpc\doc\ref\csharp\html\Working\BuildTopics.proj]
BuildAssembler : warning : ResolveReferenceLinksComponent: [M:Grpc.Auth.GoogleGrpcCredentials.ToCallCredentials(Google.Apis.Auth.OAuth2.ITokenAccess)] Unknown reference link target &#39;T:Google.Apis.Auth.OAuth2.ITokenAccess&#39;. [C:\Users\apolcyn\grpc_workspace\grpc\doc\ref\csharp\html\Working\BuildTopics.proj]
BuildAssembler : warning : ResolveReferenceLinksComponent: [M:Grpc.Auth.GoogleGrpcCredentials.ToChannelCredentials(Google.Apis.Auth.OAuth2.ITokenAccess)] Unknown reference link target &#39;T:Google.Apis.Auth.OAuth2.ITokenAccess&#39;. [C:\Users\apolcyn\grpc_workspace\grpc\doc\ref\csharp\html\Working\BuildTopics.proj]
BuildAssembler : warning : ResolveReferenceLinksComponent: [M:Grpc.Auth.GoogleGrpcCredentials.ToChannelCredentials(Google.Apis.Auth.OAuth2.ITokenAccess)] Unknown reference link target &#39;T:Google.Apis.Auth.OAuth2.ITokenAccess&#39;. [C:\Users\apolcyn\grpc_workspace\grpc\doc\ref\csharp\html\Working\BuildTopics.proj]
BuildAssembler : warning : ResolveReferenceLinksComponent: [N:Grpc.Core] Unknown reference link target &#39;Grpc.Core.Channel&#39;. [C:\Users\apolcyn\grpc_workspace\grpc\doc\ref\csharp\html\Working\BuildTopics.proj]
BuildAssembler : warning : ResolveReferenceLinksComponent: [N:Grpc.Core] Invalid reference link target &#39;Grpc.Core.Channel&#39;. [C:\Users\apolcyn\grpc_workspace\grpc\doc\ref\csharp\html\Working\BuildTopics.proj]
BuildAssembler : warning : ResolveReferenceLinksComponent: [N:Grpc.Core] Unknown reference link target &#39;Grpc.Core.Server&#39;. [C:\Users\apolcyn\grpc_workspace\grpc\doc\ref\csharp\html\Working\BuildTopics.proj]
BuildAssembler : warning : ResolveReferenceLinksComponent: [N:Grpc.Core] Invalid reference link target &#39;Grpc.Core.Server&#39;. [C:\Users\apolcyn\grpc_workspace\grpc\doc\ref\csharp\html\Working\BuildTopics.proj]
BuildAssembler : warning : ShowMissingComponent: [M:Grpc.Core.AuthInterceptorContext.#ctor(System.String,System.String)] Missing &lt;param name=&quot;serviceUrl&quot;/&gt; documentation [C:\Users\apolcyn\grpc_workspace\grpc\doc\ref\csharp\html\Working\BuildTopics.proj]
BuildAssembler : warning : ShowMissingComponent: [M:Grpc.Core.AuthInterceptorContext.#ctor(System.String,System.String)] Missing &lt;param name=&quot;methodName&quot;/&gt; documentation [C:\Users\apolcyn\grpc_workspace\grpc\doc\ref\csharp\html\Working\BuildTopics.proj]
BuildAssembler : warning : ShowMissingComponent: [M:Grpc.Core.CallInvocationDetails`2.WithOptions(Grpc.Core.CallOptions)] Missing &lt;param name=&quot;options&quot;/&gt; documentation [C:\Users\apolcyn\grpc_workspace\grpc\doc\ref\csharp\html\Working\BuildTopics.proj]
BuildAssembler : warning : ShowMissingComponent: [M:Grpc.Core.CallInvoker.AsyncClientStreamingCall``2(Grpc.Core.Method{``0,``1},System.String,Grpc.Core.CallOptions)] Missing &lt;typeparam name=&quot;TRequest&quot;/&gt; documentation [C:\Users\apolcyn\grpc_workspace\grpc\doc\ref\csharp\html\Working\BuildTopics.proj]
BuildAssembler : warning : ShowMissingComponent: [M:Grpc.Core.CallInvoker.AsyncClientStreamingCall``2(Grpc.Core.Method{``0,``1},System.String,Grpc.Core.CallOptions)] Missing &lt;typeparam name=&quot;TResponse&quot;/&gt; documentation [C:\Users\apolcyn\grpc_workspace\grpc\doc\ref\csharp\html\Working\BuildTopics.proj]
BuildAssembler : warning : ShowMissingComponent: [M:Grpc.Core.CallInvoker.AsyncClientStreamingCall``2(Grpc.Core.Method{``0,``1},System.String,Grpc.Core.CallOptions)] Missing &lt;param name=&quot;method&quot;/&gt; documentation [C:\Users\apolcyn\grpc_workspace\grpc\doc\ref\csharp\html\Working\BuildTopics.proj]
BuildAssembler : warning : ShowMissingComponent: [M:Grpc.Core.CallInvoker.AsyncClientStreamingCall``2(Grpc.Core.Method{``0,``1},System.String,Grpc.Core.CallOptions)] Missing &lt;param name=&quot;host&quot;/&gt; documentation [C:\Users\apolcyn\grpc_workspace\grpc\doc\ref\csharp\html\Working\BuildTopics.proj]
BuildAssembler : warning : ShowMissingComponent: [M:Grpc.Core.CallInvoker.AsyncClientStreamingCall``2(Grpc.Core.Method{``0,``1},System.String,Grpc.Core.CallOptions)] Missing &lt;param name=&quot;options&quot;/&gt; documentation [C:\Users\apolcyn\grpc_workspace\grpc\doc\ref\csharp\html\Working\BuildTopics.proj]
BuildAssembler : warning : ShowMissingComponent: [M:Grpc.Core.CallInvoker.AsyncDuplexStreamingCall``2(Grpc.Core.Method{``0,``1},System.String,Grpc.Core.CallOptions)] Missing &lt;typeparam name=&quot;TRequest&quot;/&gt; documentation [C:\Users\apolcyn\grpc_workspace\grpc\doc\ref\csharp\html\Working\BuildTopics.proj]
BuildAssembler : warning : ShowMissingComponent: [M:Grpc.Core.CallInvoker.AsyncDuplexStreamingCall``2(Grpc.Core.Method{``0,``1},System.String,Grpc.Core.CallOptions)] Missing &lt;typeparam name=&quot;TResponse&quot;/&gt; documentation [C:\Users\apolcyn\grpc_workspace\grpc\doc\ref\csharp\html\Working\BuildTopics.proj]
BuildAssembler : warning : ShowMissingComponent: [M:Grpc.Core.CallInvoker.AsyncDuplexStreamingCall``2(Grpc.Core.Method{``0,``1},System.String,Grpc.Core.CallOptions)] Missing &lt;param name=&quot;method&quot;/&gt; documentation [C:\Users\apolcyn\grpc_workspace\grpc\doc\ref\csharp\html\Working\BuildTopics.proj]
BuildAssembler : warning : ShowMissingComponent: [M:Grpc.Core.CallInvoker.AsyncDuplexStreamingCall``2(Grpc.Core.Method{``0,``1},System.String,Grpc.Core.CallOptions)] Missing &lt;param name=&quot;host&quot;/&gt; documentation [C:\Users\apolcyn\grpc_workspace\grpc\doc\ref\csharp\html\Working\BuildTopics.proj]
BuildAssembler : warning : ShowMissingComponent: [M:Grpc.Core.CallInvoker.AsyncDuplexStreamingCall``2(Grpc.Core.Method{``0,``1},System.String,Grpc.Core.CallOptions)] Missing &lt;param name=&quot;options&quot;/&gt; documentation [C:\Users\apolcyn\grpc_workspace\grpc\doc\ref\csharp\html\Working\BuildTopics.proj]
BuildAssembler : warning : ShowMissingComponent: [M:Grpc.Core.CallInvoker.AsyncServerStreamingCall``2(Grpc.Core.Method{``0,``1},System.String,Grpc.Core.CallOptions,``0)] Missing &lt;typeparam name=&quot;TRequest&quot;/&gt; documentation [C:\Users\apolcyn\grpc_workspace\grpc\doc\ref\csharp\html\Working\BuildTopics.proj]
BuildAssembler : warning : ShowMissingComponent: [M:Grpc.Core.CallInvoker.AsyncServerStreamingCall``2(Grpc.Core.Method{``0,``1},System.String,Grpc.Core.CallOptions,``0)] Missing &lt;typeparam name=&quot;TResponse&quot;/&gt; documentation [C:\Users\apolcyn\grpc_workspace\grpc\doc\ref\csharp\html\Working\BuildTopics.proj]
BuildAssembler : warning : ShowMissingComponent: [M:Grpc.Core.CallInvoker.AsyncServerStreamingCall``2(Grpc.Core.Method{``0,``1},System.String,Grpc.Core.CallOptions,``0)] Missing &lt;param name=&quot;method&quot;/&gt; documentation [C:\Users\apolcyn\grpc_workspace\grpc\doc\ref\csharp\html\Working\BuildTopics.proj]
BuildAssembler : warning : ShowMissingComponent: [M:Grpc.Core.CallInvoker.AsyncServerStreamingCall``2(Grpc.Core.Method{``0,``1},System.String,Grpc.Core.CallOptions,``0)] Missing &lt;param name=&quot;host&quot;/&gt; documentation [C:\Users\apolcyn\grpc_workspace\grpc\doc\ref\csharp\html\Working\BuildTopics.proj]
BuildAssembler : warning : ShowMissingComponent: [M:Grpc.Core.CallInvoker.AsyncServerStreamingCall``2(Grpc.Core.Method{``0,``1},System.String,Grpc.Core.CallOptions,``0)] Missing &lt;param name=&quot;options&quot;/&gt; documentation [C:\Users\apolcyn\grpc_workspace\grpc\doc\ref\csharp\html\Working\BuildTopics.proj]
BuildAssembler : warning : ShowMissingComponent: [M:Grpc.Core.CallInvoker.AsyncServerStreamingCall``2(Grpc.Core.Method{``0,``1},System.String,Grpc.Core.CallOptions,``0)] Missing &lt;param name=&quot;request&quot;/&gt; documentation [C:\Users\apolcyn\grpc_workspace\grpc\doc\ref\csharp\html\Working\BuildTopics.proj]
BuildAssembler : warning : ShowMissingComponent: [M:Grpc.Core.CallInvoker.AsyncUnaryCall``2(Grpc.Core.Method{``0,``1},System.String,Grpc.Core.CallOptions,``0)] Missing &lt;typeparam name=&quot;TRequest&quot;/&gt; documentation [C:\Users\apolcyn\grpc_workspace\grpc\doc\ref\csharp\html\Working\BuildTopics.proj]
BuildAssembler : warning : ShowMissingComponent: [M:Grpc.Core.CallInvoker.AsyncUnaryCall``2(Grpc.Core.Method{``0,``1},System.String,Grpc.Core.CallOptions,``0)] Missing &lt;typeparam name=&quot;TResponse&quot;/&gt; documentation [C:\Users\apolcyn\grpc_workspace\grpc\doc\ref\csharp\html\Working\BuildTopics.proj]
BuildAssembler : warning : ShowMissingComponent: [M:Grpc.Core.CallInvoker.AsyncUnaryCall``2(Grpc.Core.Method{``0,``1},System.String,Grpc.Core.CallOptions,``0)] Missing &lt;param name=&quot;method&quot;/&gt; documentation [C:\Users\apolcyn\grpc_workspace\grpc\doc\ref\csharp\html\Working\BuildTopics.proj]
BuildAssembler : warning : ShowMissingComponent: [M:Grpc.Core.CallInvoker.AsyncUnaryCall``2(Grpc.Core.Method{``0,``1},System.String,Grpc.Core.CallOptions,``0)] Missing &lt;param name=&quot;host&quot;/&gt; documentation [C:\Users\apolcyn\grpc_workspace\grpc\doc\ref\csharp\html\Working\BuildTopics.proj]
BuildAssembler : warning : ShowMissingComponent: [M:Grpc.Core.CallInvoker.AsyncUnaryCall``2(Grpc.Core.Method{``0,``1},System.String,Grpc.Core.CallOptions,``0)] Missing &lt;param name=&quot;options&quot;/&gt; documentation [C:\Users\apolcyn\grpc_workspace\grpc\doc\ref\csharp\html\Working\BuildTopics.proj]
BuildAssembler : warning : ShowMissingComponent: [M:Grpc.Core.CallInvoker.AsyncUnaryCall``2(Grpc.Core.Method{``0,``1},System.String,Grpc.Core.CallOptions,``0)] Missing &lt;param name=&quot;request&quot;/&gt; documentation [C:\Users\apolcyn\grpc_workspace\grpc\doc\ref\csharp\html\Working\BuildTopics.proj]
BuildAssembler : warning : ShowMissingComponent: [M:Grpc.Core.CallInvoker.BlockingUnaryCall``2(Grpc.Core.Method{``0,``1},System.String,Grpc.Core.CallOptions,``0)] Missing &lt;typeparam name=&quot;TRequest&quot;/&gt; documentation [C:\Users\apolcyn\grpc_workspace\grpc\doc\ref\csharp\html\Working\BuildTopics.proj]
BuildAssembler : warning : ShowMissingComponent: [M:Grpc.Core.CallInvoker.BlockingUnaryCall``2(Grpc.Core.Method{``0,``1},System.String,Grpc.Core.CallOptions,``0)] Missing &lt;typeparam name=&quot;TResponse&quot;/&gt; documentation [C:\Users\apolcyn\grpc_workspace\grpc\doc\ref\csharp\html\Working\BuildTopics.proj]
BuildAssembler : warning : ShowMissingComponent: [M:Grpc.Core.CallInvoker.BlockingUnaryCall``2(Grpc.Core.Method{``0,``1},System.String,Grpc.Core.CallOptions,``0)] Missing &lt;param name=&quot;method&quot;/&gt; documentation [C:\Users\apolcyn\grpc_workspace\grpc\doc\ref\csharp\html\Working\BuildTopics.proj]
BuildAssembler : warning : ShowMissingComponent: [M:Grpc.Core.CallInvoker.BlockingUnaryCall``2(Grpc.Core.Method{``0,``1},System.String,Grpc.Core.CallOptions,``0)] Missing &lt;param name=&quot;host&quot;/&gt; documentation [C:\Users\apolcyn\grpc_workspace\grpc\doc\ref\csharp\html\Working\BuildTopics.proj]
BuildAssembler : warning : ShowMissingComponent: [M:Grpc.Core.CallInvoker.BlockingUnaryCall``2(Grpc.Core.Method{``0,``1},System.String,Grpc.Core.CallOptions,``0)] Missing &lt;param name=&quot;options&quot;/&gt; documentation [C:\Users\apolcyn\grpc_workspace\grpc\doc\ref\csharp\html\Working\BuildTopics.proj]
BuildAssembler : warning : ShowMissingComponent: [M:Grpc.Core.CallInvoker.BlockingUnaryCall``2(Grpc.Core.Method{``0,``1},System.String,Grpc.Core.CallOptions,``0)] Missing &lt;param name=&quot;request&quot;/&gt; documentation [C:\Users\apolcyn\grpc_workspace\grpc\doc\ref\csharp\html\Working\BuildTopics.proj]
BuildAssembler : warning : ShowMissingComponent: [M:Grpc.Core.Channel.WaitForStateChangedAsync(Grpc.Core.ChannelState,System.Nullable{System.DateTime})] Missing &lt;param name=&quot;lastObservedState&quot;/&gt; documentation [C:\Users\apolcyn\grpc_workspace\grpc\doc\ref\csharp\html\Working\BuildTopics.proj]
BuildAssembler : warning : ShowMissingComponent: [M:Grpc.Core.Channel.WaitForStateChangedAsync(Grpc.Core.ChannelState,System.Nullable{System.DateTime})] Missing &lt;param name=&quot;deadline&quot;/&gt; documentation [C:\Users\apolcyn\grpc_workspace\grpc\doc\ref\csharp\html\Working\BuildTopics.proj]
BuildAssembler : warning : ShowMissingComponent: [T:Grpc.Core.ClientBase`1] Missing &lt;typeparam name=&quot;T&quot;/&gt; documentation [C:\Users\apolcyn\grpc_workspace\grpc\doc\ref\csharp\html\Working\BuildTopics.proj]
BuildAssembler : warning : ShowMissingComponent: [M:Grpc.Core.ClientBase`1.NewInstance(Grpc.Core.ClientBase.ClientBaseConfiguration)] Missing &lt;param name=&quot;configuration&quot;/&gt; documentation [C:\Users\apolcyn\grpc_workspace\grpc\doc\ref\csharp\html\Working\BuildTopics.proj]
BuildAssembler : warning : ShowMissingComponent: [M:Grpc.Core.ClientBase`1.WithHost(System.String)] Missing &lt;param name=&quot;host&quot;/&gt; documentation [C:\Users\apolcyn\grpc_workspace\grpc\doc\ref\csharp\html\Working\BuildTopics.proj]
BuildAssembler : warning : ShowMissingComponent: [M:Grpc.Core.DefaultCallInvoker.AsyncClientStreamingCall``2(Grpc.Core.Method{``0,``1},System.String,Grpc.Core.CallOptions)] Missing &lt;typeparam name=&quot;TRequest&quot;/&gt; documentation [C:\Users\apolcyn\grpc_workspace\grpc\doc\ref\csharp\html\Working\BuildTopics.proj]
BuildAssembler : warning : ShowMissingComponent: [M:Grpc.Core.DefaultCallInvoker.AsyncClientStreamingCall``2(Grpc.Core.Method{``0,``1},System.String,Grpc.Core.CallOptions)] Missing &lt;typeparam name=&quot;TResponse&quot;/&gt; documentation [C:\Users\apolcyn\grpc_workspace\grpc\doc\ref\csharp\html\Working\BuildTopics.proj]
BuildAssembler : warning : ShowMissingComponent: [M:Grpc.Core.DefaultCallInvoker.AsyncClientStreamingCall``2(Grpc.Core.Method{``0,``1},System.String,Grpc.Core.CallOptions)] Missing &lt;param name=&quot;method&quot;/&gt; documentation [C:\Users\apolcyn\grpc_workspace\grpc\doc\ref\csharp\html\Working\BuildTopics.proj]
BuildAssembler : warning : ShowMissingComponent: [M:Grpc.Core.DefaultCallInvoker.AsyncClientStreamingCall``2(Grpc.Core.Method{``0,``1},System.String,Grpc.Core.CallOptions)] Missing &lt;param name=&quot;host&quot;/&gt; documentation [C:\Users\apolcyn\grpc_workspace\grpc\doc\ref\csharp\html\Working\BuildTopics.proj]
BuildAssembler : warning : ShowMissingComponent: [M:Grpc.Core.DefaultCallInvoker.AsyncClientStreamingCall``2(Grpc.Core.Method{``0,``1},System.String,Grpc.Core.CallOptions)] Missing &lt;param name=&quot;options&quot;/&gt; documentation [C:\Users\apolcyn\grpc_workspace\grpc\doc\ref\csharp\html\Working\BuildTopics.proj]
BuildAssembler : warning : ShowMissingComponent: [M:Grpc.Core.DefaultCallInvoker.AsyncDuplexStreamingCall``2(Grpc.Core.Method{``0,``1},System.String,Grpc.Core.CallOptions)] Missing &lt;typeparam name=&quot;TRequest&quot;/&gt; documentation [C:\Users\apolcyn\grpc_workspace\grpc\doc\ref\csharp\html\Working\BuildTopics.proj]
BuildAssembler : warning : ShowMissingComponent: [M:Grpc.Core.DefaultCallInvoker.AsyncDuplexStreamingCall``2(Grpc.Core.Method{``0,``1},System.String,Grpc.Core.CallOptions)] Missing &lt;typeparam name=&quot;TResponse&quot;/&gt; documentation [C:\Users\apolcyn\grpc_workspace\grpc\doc\ref\csharp\html\Working\BuildTopics.proj]
BuildAssembler : warning : ShowMissingComponent: [M:Grpc.Core.DefaultCallInvoker.AsyncDuplexStreamingCall``2(Grpc.Core.Method{``0,``1},System.String,Grpc.Core.CallOptions)] Missing &lt;param name=&quot;method&quot;/&gt; documentation [C:\Users\apolcyn\grpc_workspace\grpc\doc\ref\csharp\html\Working\BuildTopics.proj]
BuildAssembler : warning : ShowMissingComponent: [M:Grpc.Core.DefaultCallInvoker.AsyncDuplexStreamingCall``2(Grpc.Core.Method{``0,``1},System.String,Grpc.Core.CallOptions)] Missing &lt;param name=&quot;host&quot;/&gt; documentation [C:\Users\apolcyn\grpc_workspace\grpc\doc\ref\csharp\html\Working\BuildTopics.proj]
BuildAssembler : warning : ShowMissingComponent: [M:Grpc.Core.DefaultCallInvoker.AsyncDuplexStreamingCall``2(Grpc.Core.Method{``0,``1},System.String,Grpc.Core.CallOptions)] Missing &lt;param name=&quot;options&quot;/&gt; documentation [C:\Users\apolcyn\grpc_workspace\grpc\doc\ref\csharp\html\Working\BuildTopics.proj]
BuildAssembler : warning : ShowMissingComponent: [M:Grpc.Core.DefaultCallInvoker.AsyncServerStreamingCall``2(Grpc.Core.Method{``0,``1},System.String,Grpc.Core.CallOptions,``0)] Missing &lt;typeparam name=&quot;TRequest&quot;/&gt; documentation [C:\Users\apolcyn\grpc_workspace\grpc\doc\ref\csharp\html\Working\BuildTopics.proj]
BuildAssembler : warning : ShowMissingComponent: [M:Grpc.Core.DefaultCallInvoker.AsyncServerStreamingCall``2(Grpc.Core.Method{``0,``1},System.String,Grpc.Core.CallOptions,``0)] Missing &lt;typeparam name=&quot;TResponse&quot;/&gt; documentation [C:\Users\apolcyn\grpc_workspace\grpc\doc\ref\csharp\html\Working\BuildTopics.proj]
BuildAssembler : warning : ShowMissingComponent: [M:Grpc.Core.DefaultCallInvoker.AsyncServerStreamingCall``2(Grpc.Core.Method{``0,``1},System.String,Grpc.Core.CallOptions,``0)] Missing &lt;param name=&quot;method&quot;/&gt; documentation [C:\Users\apolcyn\grpc_workspace\grpc\doc\ref\csharp\html\Working\BuildTopics.proj]
BuildAssembler : warning : ShowMissingComponent: [M:Grpc.Core.DefaultCallInvoker.AsyncServerStreamingCall``2(Grpc.Core.Method{``0,``1},System.String,Grpc.Core.CallOptions,``0)] Missing &lt;param name=&quot;host&quot;/&gt; documentation [C:\Users\apolcyn\grpc_workspace\grpc\doc\ref\csharp\html\Working\BuildTopics.proj]
BuildAssembler : warning : ShowMissingComponent: [M:Grpc.Core.DefaultCallInvoker.AsyncServerStreamingCall``2(Grpc.Core.Method{``0,``1},System.String,Grpc.Core.CallOptions,``0)] Missing &lt;param name=&quot;options&quot;/&gt; documentation [C:\Users\apolcyn\grpc_workspace\grpc\doc\ref\csharp\html\Working\BuildTopics.proj]
BuildAssembler : warning : ShowMissingComponent: [M:Grpc.Core.DefaultCallInvoker.AsyncServerStreamingCall``2(Grpc.Core.Method{``0,``1},System.String,Grpc.Core.CallOptions,``0)] Missing &lt;param name=&quot;request&quot;/&gt; documentation [C:\Users\apolcyn\grpc_workspace\grpc\doc\ref\csharp\html\Working\BuildTopics.proj]
BuildAssembler : warning : ShowMissingComponent: [M:Grpc.Core.DefaultCallInvoker.AsyncUnaryCall``2(Grpc.Core.Method{``0,``1},System.String,Grpc.Core.CallOptions,``0)] Missing &lt;typeparam name=&quot;TRequest&quot;/&gt; documentation [C:\Users\apolcyn\grpc_workspace\grpc\doc\ref\csharp\html\Working\BuildTopics.proj]
BuildAssembler : warning : ShowMissingComponent: [M:Grpc.Core.DefaultCallInvoker.AsyncUnaryCall``2(Grpc.Core.Method{``0,``1},System.String,Grpc.Core.CallOptions,``0)] Missing &lt;typeparam name=&quot;TResponse&quot;/&gt; documentation [C:\Users\apolcyn\grpc_workspace\grpc\doc\ref\csharp\html\Working\BuildTopics.proj]
BuildAssembler : warning : ShowMissingComponent: [M:Grpc.Core.DefaultCallInvoker.AsyncUnaryCall``2(Grpc.Core.Method{``0,``1},System.String,Grpc.Core.CallOptions,``0)] Missing &lt;param name=&quot;method&quot;/&gt; documentation [C:\Users\apolcyn\grpc_workspace\grpc\doc\ref\csharp\html\Working\BuildTopics.proj]
BuildAssembler : warning : ShowMissingComponent: [M:Grpc.Core.DefaultCallInvoker.AsyncUnaryCall``2(Grpc.Core.Method{``0,``1},System.String,Grpc.Core.CallOptions,``0)] Missing &lt;param name=&quot;host&quot;/&gt; documentation [C:\Users\apolcyn\grpc_workspace\grpc\doc\ref\csharp\html\Working\BuildTopics.proj]
BuildAssembler : warning : ShowMissingComponent: [M:Grpc.Core.DefaultCallInvoker.AsyncUnaryCall``2(Grpc.Core.Method{``0,``1},System.String,Grpc.Core.CallOptions,``0)] Missing &lt;param name=&quot;options&quot;/&gt; documentation [C:\Users\apolcyn\grpc_workspace\grpc\doc\ref\csharp\html\Working\BuildTopics.proj]
BuildAssembler : warning : ShowMissingComponent: [M:Grpc.Core.DefaultCallInvoker.AsyncUnaryCall``2(Grpc.Core.Method{``0,``1},System.String,Grpc.Core.CallOptions,``0)] Missing &lt;param name=&quot;request&quot;/&gt; documentation [C:\Users\apolcyn\grpc_workspace\grpc\doc\ref\csharp\html\Working\BuildTopics.proj]
BuildAssembler : warning : ShowMissingComponent: [M:Grpc.Core.DefaultCallInvoker.BlockingUnaryCall``2(Grpc.Core.Method{``0,``1},System.String,Grpc.Core.CallOptions,``0)] Missing &lt;typeparam name=&quot;TRequest&quot;/&gt; documentation [C:\Users\apolcyn\grpc_workspace\grpc\doc\ref\csharp\html\Working\BuildTopics.proj]
BuildAssembler : warning : ShowMissingComponent: [M:Grpc.Core.DefaultCallInvoker.BlockingUnaryCall``2(Grpc.Core.Method{``0,``1},System.String,Grpc.Core.CallOptions,``0)] Missing &lt;typeparam name=&quot;TResponse&quot;/&gt; documentation [C:\Users\apolcyn\grpc_workspace\grpc\doc\ref\csharp\html\Working\BuildTopics.proj]
BuildAssembler : warning : ShowMissingComponent: [M:Grpc.Core.DefaultCallInvoker.BlockingUnaryCall``2(Grpc.Core.Method{``0,``1},System.String,Grpc.Core.CallOptions,``0)] Missing &lt;param name=&quot;method&quot;/&gt; documentation [C:\Users\apolcyn\grpc_workspace\grpc\doc\ref\csharp\html\Working\BuildTopics.proj]
BuildAssembler : warning : ShowMissingComponent: [M:Grpc.Core.DefaultCallInvoker.BlockingUnaryCall``2(Grpc.Core.Method{``0,``1},System.String,Grpc.Core.CallOptions,``0)] Missing &lt;param name=&quot;host&quot;/&gt; documentation [C:\Users\apolcyn\grpc_workspace\grpc\doc\ref\csharp\html\Working\BuildTopics.proj]
BuildAssembler : warning : ShowMissingComponent: [M:Grpc.Core.DefaultCallInvoker.BlockingUnaryCall``2(Grpc.Core.Method{``0,``1},System.String,Grpc.Core.CallOptions,``0)] Missing &lt;param name=&quot;options&quot;/&gt; documentation [C:\Users\apolcyn\grpc_workspace\grpc\doc\ref\csharp\html\Working\BuildTopics.proj]
BuildAssembler : warning : ShowMissingComponent: [M:Grpc.Core.DefaultCallInvoker.BlockingUnaryCall``2(Grpc.Core.Method{``0,``1},System.String,Grpc.Core.CallOptions,``0)] Missing &lt;param name=&quot;request&quot;/&gt; documentation [C:\Users\apolcyn\grpc_workspace\grpc\doc\ref\csharp\html\Working\BuildTopics.proj]
BuildAssembler : warning : ShowMissingComponent: [M:Grpc.Core.DefaultCallInvoker.CreateCall``2(Grpc.Core.Method{``0,``1},System.String,Grpc.Core.CallOptions)] Missing &lt;summary&gt; documentation [C:\Users\apolcyn\grpc_workspace\grpc\doc\ref\csharp\html\Working\BuildTopics.proj]
BuildAssembler : warning : ShowMissingComponent: [M:Grpc.Core.DefaultCallInvoker.CreateCall``2(Grpc.Core.Method{``0,``1},System.String,Grpc.Core.CallOptions)] Missing &lt;typeparam name=&quot;TRequest&quot;/&gt; documentation [C:\Users\apolcyn\grpc_workspace\grpc\doc\ref\csharp\html\Working\BuildTopics.proj]
BuildAssembler : warning : ShowMissingComponent: [M:Grpc.Core.DefaultCallInvoker.CreateCall``2(Grpc.Core.Method{``0,``1},System.String,Grpc.Core.CallOptions)] Missing &lt;typeparam name=&quot;TResponse&quot;/&gt; documentation [C:\Users\apolcyn\grpc_workspace\grpc\doc\ref\csharp\html\Working\BuildTopics.proj]
BuildAssembler : warning : ShowMissingComponent: [M:Grpc.Core.DefaultCallInvoker.CreateCall``2(Grpc.Core.Method{``0,``1},System.String,Grpc.Core.CallOptions)] Missing &lt;param name=&quot;method&quot;/&gt; documentation [C:\Users\apolcyn\grpc_workspace\grpc\doc\ref\csharp\html\Working\BuildTopics.proj]
BuildAssembler : warning : ShowMissingComponent: [M:Grpc.Core.DefaultCallInvoker.CreateCall``2(Grpc.Core.Method{``0,``1},System.String,Grpc.Core.CallOptions)] Missing &lt;param name=&quot;host&quot;/&gt; documentation [C:\Users\apolcyn\grpc_workspace\grpc\doc\ref\csharp\html\Working\BuildTopics.proj]
BuildAssembler : warning : ShowMissingComponent: [M:Grpc.Core.DefaultCallInvoker.CreateCall``2(Grpc.Core.Method{``0,``1},System.String,Grpc.Core.CallOptions)] Missing &lt;param name=&quot;options&quot;/&gt; documentation [C:\Users\apolcyn\grpc_workspace\grpc\doc\ref\csharp\html\Working\BuildTopics.proj]
BuildAssembler : warning : ShowMissingComponent: [M:Grpc.Core.GrpcEnvironment.SetCompletionQueueCount(System.Int32)] Missing &lt;param name=&quot;completionQueueCount&quot;/&gt; documentation [C:\Users\apolcyn\grpc_workspace\grpc\doc\ref\csharp\html\Working\BuildTopics.proj]
BuildAssembler : warning : ShowMissingComponent: [M:Grpc.Core.GrpcEnvironment.SetLogger(Grpc.Core.Logging.ILogger)] Missing &lt;param name=&quot;customLogger&quot;/&gt; documentation [C:\Users\apolcyn\grpc_workspace\grpc\doc\ref\csharp\html\Working\BuildTopics.proj]
BuildAssembler : warning : ShowMissingComponent: [M:Grpc.Core.GrpcEnvironment.SetThreadPoolSize(System.Int32)] Missing &lt;param name=&quot;threadCount&quot;/&gt; documentation [C:\Users\apolcyn\grpc_workspace\grpc\doc\ref\csharp\html\Working\BuildTopics.proj]
BuildAssembler : warning : ResolveReferenceLinksComponent: [T:Grpc.Core.IAsyncStreamReader`1] MSDN URL not found for target &#39;P:System.Collections.Generic.IAsyncEnumerator`1.Current&#39;. [C:\Users\apolcyn\grpc_workspace\grpc\doc\ref\csharp\html\Working\BuildTopics.proj]
BuildAssembler : warning : ResolveReferenceLinksComponent: [T:Grpc.Core.IAsyncStreamReader`1] MSDN URL not found for target &#39;T:System.Collections.Generic.IAsyncEnumerator`1&#39;. [C:\Users\apolcyn\grpc_workspace\grpc\doc\ref\csharp\html\Working\BuildTopics.proj]
BuildAssembler : warning : ResolveReferenceLinksComponent: [T:Grpc.Core.IAsyncStreamReader`1] MSDN URL not found for target &#39;M:System.Collections.Generic.IAsyncEnumerator`1.MoveNext(System.Threading.CancellationToken)&#39;. [C:\Users\apolcyn\grpc_workspace\grpc\doc\ref\csharp\html\Working\BuildTopics.proj]
BuildAssembler : warning : ResolveReferenceLinksComponent: [T:Grpc.Core.IAsyncStreamReader`1] MSDN URL not found for target &#39;T:System.Collections.Generic.IAsyncEnumerator`1&#39;. [C:\Users\apolcyn\grpc_workspace\grpc\doc\ref\csharp\html\Working\BuildTopics.proj]
BuildAssembler : warning : ResolveReferenceLinksComponent: [Methods.T:Grpc.Core.IAsyncStreamReader`1] MSDN URL not found for target &#39;M:System.Collections.Generic.IAsyncEnumerator`1.MoveNext(System.Threading.CancellationToken)&#39;. [C:\Users\apolcyn\grpc_workspace\grpc\doc\ref\csharp\html\Working\BuildTopics.proj]
BuildAssembler : warning : ResolveReferenceLinksComponent: [Methods.T:Grpc.Core.IAsyncStreamReader`1] MSDN URL not found for target &#39;T:System.Collections.Generic.IAsyncEnumerator`1&#39;. [C:\Users\apolcyn\grpc_workspace\grpc\doc\ref\csharp\html\Working\BuildTopics.proj]
BuildAssembler : warning : ResolveReferenceLinksComponent: [Properties.T:Grpc.Core.IAsyncStreamReader`1] MSDN URL not found for target &#39;P:System.Collections.Generic.IAsyncEnumerator`1.Current&#39;. [C:\Users\apolcyn\grpc_workspace\grpc\doc\ref\csharp\html\Working\BuildTopics.proj]
BuildAssembler : warning : ResolveReferenceLinksComponent: [Properties.T:Grpc.Core.IAsyncStreamReader`1] MSDN URL not found for target &#39;T:System.Collections.Generic.IAsyncEnumerator`1&#39;. [C:\Users\apolcyn\grpc_workspace\grpc\doc\ref\csharp\html\Working\BuildTopics.proj]
BuildAssembler : warning : ShowMissingComponent: [T:Grpc.Core.IServerStreamWriter`1] Missing &lt;typeparam name=&quot;T&quot;/&gt; documentation [C:\Users\apolcyn\grpc_workspace\grpc\doc\ref\csharp\html\Working\BuildTopics.proj]
BuildAssembler : warning : ShowMissingComponent: [T:Grpc.Core.Marshaller`1] Missing &lt;typeparam name=&quot;T&quot;/&gt; documentation [C:\Users\apolcyn\grpc_workspace\grpc\doc\ref\csharp\html\Working\BuildTopics.proj]
BuildAssembler : warning : ShowMissingComponent: [M:Grpc.Core.Marshallers.Create``1(System.Func{``0,System.Byte[]},System.Func{System.Byte[],``0})] Missing &lt;typeparam name=&quot;T&quot;/&gt; documentation [C:\Users\apolcyn\grpc_workspace\grpc\doc\ref\csharp\html\Working\BuildTopics.proj]
BuildAssembler : warning : ShowMissingComponent: [M:Grpc.Core.Marshallers.Create``1(System.Func{``0,System.Byte[]},System.Func{System.Byte[],``0})] Missing &lt;param name=&quot;serializer&quot;/&gt; documentation [C:\Users\apolcyn\grpc_workspace\grpc\doc\ref\csharp\html\Working\BuildTopics.proj]
BuildAssembler : warning : ShowMissingComponent: [M:Grpc.Core.Marshallers.Create``1(System.Func{``0,System.Byte[]},System.Func{System.Byte[],``0})] Missing &lt;param name=&quot;deserializer&quot;/&gt; documentation [C:\Users\apolcyn\grpc_workspace\grpc\doc\ref\csharp\html\Working\BuildTopics.proj]
BuildAssembler : warning : ShowMissingComponent: [M:Grpc.Core.Metadata.Add(Grpc.Core.Metadata.Entry)] Missing &lt;summary&gt; documentation [C:\Users\apolcyn\grpc_workspace\grpc\doc\ref\csharp\html\Working\BuildTopics.proj]
BuildAssembler : warning : ShowMissingComponent: [M:Grpc.Core.Metadata.Add(Grpc.Core.Metadata.Entry)] Missing &lt;param name=&quot;item&quot;/&gt; documentation [C:\Users\apolcyn\grpc_workspace\grpc\doc\ref\csharp\html\Working\BuildTopics.proj]
BuildAssembler : warning : ShowMissingComponent: [M:Grpc.Core.Metadata.Add(System.String,System.Byte[])] Missing &lt;summary&gt; documentation [C:\Users\apolcyn\grpc_workspace\grpc\doc\ref\csharp\html\Working\BuildTopics.proj]
BuildAssembler : warning : ShowMissingComponent: [M:Grpc.Core.Metadata.Add(System.String,System.Byte[])] Missing &lt;param name=&quot;key&quot;/&gt; documentation [C:\Users\apolcyn\grpc_workspace\grpc\doc\ref\csharp\html\Working\BuildTopics.proj]
BuildAssembler : warning : ShowMissingComponent: [M:Grpc.Core.Metadata.Add(System.String,System.Byte[])] Missing &lt;param name=&quot;valueBytes&quot;/&gt; documentation [C:\Users\apolcyn\grpc_workspace\grpc\doc\ref\csharp\html\Working\BuildTopics.proj]
BuildAssembler : warning : ShowMissingComponent: [M:Grpc.Core.Metadata.Add(System.String,System.String)] Missing &lt;summary&gt; documentation [C:\Users\apolcyn\grpc_workspace\grpc\doc\ref\csharp\html\Working\BuildTopics.proj]
BuildAssembler : warning : ShowMissingComponent: [M:Grpc.Core.Metadata.Add(System.String,System.String)] Missing &lt;param name=&quot;key&quot;/&gt; documentation [C:\Users\apolcyn\grpc_workspace\grpc\doc\ref\csharp\html\Working\BuildTopics.proj]
BuildAssembler : warning : ShowMissingComponent: [M:Grpc.Core.Metadata.Add(System.String,System.String)] Missing &lt;param name=&quot;value&quot;/&gt; documentation [C:\Users\apolcyn\grpc_workspace\grpc\doc\ref\csharp\html\Working\BuildTopics.proj]
BuildAssembler : warning : ShowMissingComponent: [M:Grpc.Core.Metadata.Clear] Missing &lt;summary&gt; documentation [C:\Users\apolcyn\grpc_workspace\grpc\doc\ref\csharp\html\Working\BuildTopics.proj]
BuildAssembler : warning : ShowMissingComponent: [M:Grpc.Core.Metadata.Contains(Grpc.Core.Metadata.Entry)] Missing &lt;summary&gt; documentation [C:\Users\apolcyn\grpc_workspace\grpc\doc\ref\csharp\html\Working\BuildTopics.proj]
BuildAssembler : warning : ShowMissingComponent: [M:Grpc.Core.Metadata.Contains(Grpc.Core.Metadata.Entry)] Missing &lt;param name=&quot;item&quot;/&gt; documentation [C:\Users\apolcyn\grpc_workspace\grpc\doc\ref\csharp\html\Working\BuildTopics.proj]
BuildAssembler : warning : ShowMissingComponent: [M:Grpc.Core.Metadata.CopyTo(Grpc.Core.Metadata.Entry[],System.Int32)] Missing &lt;summary&gt; documentation [C:\Users\apolcyn\grpc_workspace\grpc\doc\ref\csharp\html\Working\BuildTopics.proj]
BuildAssembler : warning : ShowMissingComponent: [M:Grpc.Core.Metadata.CopyTo(Grpc.Core.Metadata.Entry[],System.Int32)] Missing &lt;param name=&quot;array&quot;/&gt; documentation [C:\Users\apolcyn\grpc_workspace\grpc\doc\ref\csharp\html\Working\BuildTopics.proj]
BuildAssembler : warning : ShowMissingComponent: [M:Grpc.Core.Metadata.CopyTo(Grpc.Core.Metadata.Entry[],System.Int32)] Missing &lt;param name=&quot;arrayIndex&quot;/&gt; documentation [C:\Users\apolcyn\grpc_workspace\grpc\doc\ref\csharp\html\Working\BuildTopics.proj]
BuildAssembler : warning : ShowMissingComponent: [P:Grpc.Core.Metadata.Count] Missing &lt;summary&gt; documentation [C:\Users\apolcyn\grpc_workspace\grpc\doc\ref\csharp\html\Working\BuildTopics.proj]
BuildAssembler : warning : ShowMissingComponent: [M:Grpc.Core.Metadata.GetEnumerator] Missing &lt;summary&gt; documentation [C:\Users\apolcyn\grpc_workspace\grpc\doc\ref\csharp\html\Working\BuildTopics.proj]
BuildAssembler : warning : ShowMissingComponent: [M:Grpc.Core.Metadata.IndexOf(Grpc.Core.Metadata.Entry)] Missing &lt;summary&gt; documentation [C:\Users\apolcyn\grpc_workspace\grpc\doc\ref\csharp\html\Working\BuildTopics.proj]
BuildAssembler : warning : ShowMissingComponent: [M:Grpc.Core.Metadata.IndexOf(Grpc.Core.Metadata.Entry)] Missing &lt;param name=&quot;item&quot;/&gt; documentation [C:\Users\apolcyn\grpc_workspace\grpc\doc\ref\csharp\html\Working\BuildTopics.proj]
BuildAssembler : warning : ShowMissingComponent: [M:Grpc.Core.Metadata.Insert(System.Int32,Grpc.Core.Metadata.Entry)] Missing &lt;summary&gt; documentation [C:\Users\apolcyn\grpc_workspace\grpc\doc\ref\csharp\html\Working\BuildTopics.proj]
BuildAssembler : warning : ShowMissingComponent: [M:Grpc.Core.Metadata.Insert(System.Int32,Grpc.Core.Metadata.Entry)] Missing &lt;param name=&quot;index&quot;/&gt; documentation [C:\Users\apolcyn\grpc_workspace\grpc\doc\ref\csharp\html\Working\BuildTopics.proj]
BuildAssembler : warning : ShowMissingComponent: [M:Grpc.Core.Metadata.Insert(System.Int32,Grpc.Core.Metadata.Entry)] Missing &lt;param name=&quot;item&quot;/&gt; documentation [C:\Users\apolcyn\grpc_workspace\grpc\doc\ref\csharp\html\Working\BuildTopics.proj]
BuildAssembler : warning : ShowMissingComponent: [P:Grpc.Core.Metadata.IsReadOnly] Missing &lt;summary&gt; documentation [C:\Users\apolcyn\grpc_workspace\grpc\doc\ref\csharp\html\Working\BuildTopics.proj]
BuildAssembler : warning : ShowMissingComponent: [P:Grpc.Core.Metadata.Item(System.Int32)] Missing &lt;summary&gt; documentation [C:\Users\apolcyn\grpc_workspace\grpc\doc\ref\csharp\html\Working\BuildTopics.proj]
BuildAssembler : warning : ShowMissingComponent: [M:Grpc.Core.Metadata.Remove(Grpc.Core.Metadata.Entry)] Missing &lt;summary&gt; documentation [C:\Users\apolcyn\grpc_workspace\grpc\doc\ref\csharp\html\Working\BuildTopics.proj]
BuildAssembler : warning : ShowMissingComponent: [M:Grpc.Core.Metadata.Remove(Grpc.Core.Metadata.Entry)] Missing &lt;param name=&quot;item&quot;/&gt; documentation [C:\Users\apolcyn\grpc_workspace\grpc\doc\ref\csharp\html\Working\BuildTopics.proj]
BuildAssembler : warning : ShowMissingComponent: [M:Grpc.Core.Metadata.RemoveAt(System.Int32)] Missing &lt;summary&gt; documentation [C:\Users\apolcyn\grpc_workspace\grpc\doc\ref\csharp\html\Working\BuildTopics.proj]
BuildAssembler : warning : ShowMissingComponent: [M:Grpc.Core.Metadata.RemoveAt(System.Int32)] Missing &lt;param name=&quot;index&quot;/&gt; documentation [C:\Users\apolcyn\grpc_workspace\grpc\doc\ref\csharp\html\Working\BuildTopics.proj]
BuildAssembler : warning : ShowMissingComponent: [M:Grpc.Core.Server.ServerPortCollection.Add(Grpc.Core.ServerPort)] Missing &lt;param name=&quot;serverPort&quot;/&gt; documentation [C:\Users\apolcyn\grpc_workspace\grpc\doc\ref\csharp\html\Working\BuildTopics.proj]
BuildAssembler : warning : ShowMissingComponent: [M:Grpc.Core.Server.ServiceDefinitionCollection.Add(Grpc.Core.ServerServiceDefinition)] Missing &lt;param name=&quot;serviceDefinition&quot;/&gt; documentation [C:\Users\apolcyn\grpc_workspace\grpc\doc\ref\csharp\html\Working\BuildTopics.proj]
BuildAssembler : warning : ShowMissingComponent: [M:Grpc.Core.ServerCallContext.CreatePropagationToken(Grpc.Core.ContextPropagationOptions)] Missing &lt;param name=&quot;options&quot;/&gt; documentation [C:\Users\apolcyn\grpc_workspace\grpc\doc\ref\csharp\html\Working\BuildTopics.proj]
BuildAssembler : warning : ShowMissingComponent: [P:Grpc.Core.ServerPort.BoundPort] Missing &lt;summary&gt; documentation [C:\Users\apolcyn\grpc_workspace\grpc\doc\ref\csharp\html\Working\BuildTopics.proj]
BuildAssembler : warning : ShowMissingComponent: [P:Grpc.Core.ServerPort.Credentials] Missing &lt;summary&gt; documentation [C:\Users\apolcyn\grpc_workspace\grpc\doc\ref\csharp\html\Working\BuildTopics.proj]
BuildAssembler : warning : ShowMissingComponent: [P:Grpc.Core.ServerPort.Host] Missing &lt;summary&gt; documentation [C:\Users\apolcyn\grpc_workspace\grpc\doc\ref\csharp\html\Working\BuildTopics.proj]
BuildAssembler : warning : ShowMissingComponent: [P:Grpc.Core.ServerPort.Port] Missing &lt;summary&gt; documentation [C:\Users\apolcyn\grpc_workspace\grpc\doc\ref\csharp\html\Working\BuildTopics.proj]
BuildAssembler : warning : ShowMissingComponent: [M:Grpc.Core.SslCredentials.#ctor(System.String)] Missing &lt;param name=&quot;rootCertificates&quot;/&gt; documentation [C:\Users\apolcyn\grpc_workspace\grpc\doc\ref\csharp\html\Working\BuildTopics.proj]
BuildAssembler : warning : ShowMissingComponent: [M:Grpc.Core.Logging.ConsoleLogger.ForType``1] Missing &lt;typeparam name=&quot;T&quot;/&gt; documentation [C:\Users\apolcyn\grpc_workspace\grpc\doc\ref\csharp\html\Working\BuildTopics.proj]
BuildAssembler : warning : ShowMissingComponent: [M:Grpc.Core.Logging.ILogger.Debug(System.String)] Missing &lt;param name=&quot;message&quot;/&gt; documentation [C:\Users\apolcyn\grpc_workspace\grpc\doc\ref\csharp\html\Working\BuildTopics.proj]
BuildAssembler : warning : ShowMissingComponent: [M:Grpc.Core.Logging.ILogger.Debug(System.String,System.Object[])] Missing &lt;param name=&quot;format&quot;/&gt; documentation [C:\Users\apolcyn\grpc_workspace\grpc\doc\ref\csharp\html\Working\BuildTopics.proj]
BuildAssembler : warning : ShowMissingComponent: [M:Grpc.Core.Logging.ILogger.Debug(System.String,System.Object[])] Missing &lt;param name=&quot;formatArgs&quot;/&gt; documentation [C:\Users\apolcyn\grpc_workspace\grpc\doc\ref\csharp\html\Working\BuildTopics.proj]
BuildAssembler : warning : ShowMissingComponent: [M:Grpc.Core.Logging.ILogger.Error(System.Exception,System.String)] Missing &lt;param name=&quot;exception&quot;/&gt; documentation [C:\Users\apolcyn\grpc_workspace\grpc\doc\ref\csharp\html\Working\BuildTopics.proj]
BuildAssembler : warning : ShowMissingComponent: [M:Grpc.Core.Logging.ILogger.Error(System.Exception,System.String)] Missing &lt;param name=&quot;message&quot;/&gt; documentation [C:\Users\apolcyn\grpc_workspace\grpc\doc\ref\csharp\html\Working\BuildTopics.proj]
BuildAssembler : warning : ShowMissingComponent: [M:Grpc.Core.Logging.ILogger.Error(System.String)] Missing &lt;param name=&quot;message&quot;/&gt; documentation [C:\Users\apolcyn\grpc_workspace\grpc\doc\ref\csharp\html\Working\BuildTopics.proj]
BuildAssembler : warning : ShowMissingComponent: [M:Grpc.Core.Logging.ILogger.Error(System.String,System.Object[])] Missing &lt;param name=&quot;format&quot;/&gt; documentation [C:\Users\apolcyn\grpc_workspace\grpc\doc\ref\csharp\html\Working\BuildTopics.proj]
BuildAssembler : warning : ShowMissingComponent: [M:Grpc.Core.Logging.ILogger.Error(System.String,System.Object[])] Missing &lt;param name=&quot;formatArgs&quot;/&gt; documentation [C:\Users\apolcyn\grpc_workspace\grpc\doc\ref\csharp\html\Working\BuildTopics.proj]
BuildAssembler : warning : ShowMissingComponent: [M:Grpc.Core.Logging.ILogger.ForType``1] Missing &lt;typeparam name=&quot;T&quot;/&gt; documentation [C:\Users\apolcyn\grpc_workspace\grpc\doc\ref\csharp\html\Working\BuildTopics.proj]
BuildAssembler : warning : ShowMissingComponent: [M:Grpc.Core.Logging.ILogger.Info(System.String)] Missing &lt;param name=&quot;message&quot;/&gt; documentation [C:\Users\apolcyn\grpc_workspace\grpc\doc\ref\csharp\html\Working\BuildTopics.proj]
BuildAssembler : warning : ShowMissingComponent: [M:Grpc.Core.Logging.ILogger.Info(System.String,System.Object[])] Missing &lt;param name=&quot;format&quot;/&gt; documentation [C:\Users\apolcyn\grpc_workspace\grpc\doc\ref\csharp\html\Working\BuildTopics.proj]
BuildAssembler : warning : ShowMissingComponent: [M:Grpc.Core.Logging.ILogger.Info(System.String,System.Object[])] Missing &lt;param name=&quot;formatArgs&quot;/&gt; documentation [C:\Users\apolcyn\grpc_workspace\grpc\doc\ref\csharp\html\Working\BuildTopics.proj]
BuildAssembler : warning : ShowMissingComponent: [M:Grpc.Core.Logging.ILogger.Warning(System.Exception,System.String)] Missing &lt;param name=&quot;exception&quot;/&gt; documentation [C:\Users\apolcyn\grpc_workspace\grpc\doc\ref\csharp\html\Working\BuildTopics.proj]
BuildAssembler : warning : ShowMissingComponent: [M:Grpc.Core.Logging.ILogger.Warning(System.Exception,System.String)] Missing &lt;param name=&quot;message&quot;/&gt; documentation [C:\Users\apolcyn\grpc_workspace\grpc\doc\ref\csharp\html\Working\BuildTopics.proj]
BuildAssembler : warning : ShowMissingComponent: [M:Grpc.Core.Logging.ILogger.Warning(System.String)] Missing &lt;param name=&quot;message&quot;/&gt; documentation [C:\Users\apolcyn\grpc_workspace\grpc\doc\ref\csharp\html\Working\BuildTopics.proj]
BuildAssembler : warning : ShowMissingComponent: [M:Grpc.Core.Logging.ILogger.Warning(System.String,System.Object[])] Missing &lt;param name=&quot;format&quot;/&gt; documentation [C:\Users\apolcyn\grpc_workspace\grpc\doc\ref\csharp\html\Working\BuildTopics.proj]
BuildAssembler : warning : ShowMissingComponent: [M:Grpc.Core.Logging.ILogger.Warning(System.String,System.Object[])] Missing &lt;param name=&quot;formatArgs&quot;/&gt; documentation [C:\Users\apolcyn\grpc_workspace\grpc\doc\ref\csharp\html\Working\BuildTopics.proj]
BuildAssembler : warning : ShowMissingComponent: [M:Grpc.Core.Logging.LogLevelFilterLogger.#ctor(Grpc.Core.Logging.ILogger,Grpc.Core.Logging.LogLevel)] Missing &lt;param name=&quot;logger&quot;/&gt; documentation [C:\Users\apolcyn\grpc_workspace\grpc\doc\ref\csharp\html\Working\BuildTopics.proj]
BuildAssembler : warning : ShowMissingComponent: [M:Grpc.Core.Logging.LogLevelFilterLogger.#ctor(Grpc.Core.Logging.ILogger,Grpc.Core.Logging.LogLevel)] Missing &lt;param name=&quot;logLevel&quot;/&gt; documentation [C:\Users\apolcyn\grpc_workspace\grpc\doc\ref\csharp\html\Working\BuildTopics.proj]
BuildAssembler : warning : ShowMissingComponent: [M:Grpc.Core.Logging.LogLevelFilterLogger.Debug(System.String)] Missing &lt;param name=&quot;message&quot;/&gt; documentation [C:\Users\apolcyn\grpc_workspace\grpc\doc\ref\csharp\html\Working\BuildTopics.proj]
BuildAssembler : warning : ShowMissingComponent: [M:Grpc.Core.Logging.LogLevelFilterLogger.Debug(System.String,System.Object[])] Missing &lt;param name=&quot;format&quot;/&gt; documentation [C:\Users\apolcyn\grpc_workspace\grpc\doc\ref\csharp\html\Working\BuildTopics.proj]
BuildAssembler : warning : ShowMissingComponent: [M:Grpc.Core.Logging.LogLevelFilterLogger.Debug(System.String,System.Object[])] Missing &lt;param name=&quot;formatArgs&quot;/&gt; documentation [C:\Users\apolcyn\grpc_workspace\grpc\doc\ref\csharp\html\Working\BuildTopics.proj]
BuildAssembler : warning : ShowMissingComponent: [M:Grpc.Core.Logging.LogLevelFilterLogger.Error(System.Exception,System.String)] Missing &lt;param name=&quot;exception&quot;/&gt; documentation [C:\Users\apolcyn\grpc_workspace\grpc\doc\ref\csharp\html\Working\BuildTopics.proj]
BuildAssembler : warning : ShowMissingComponent: [M:Grpc.Core.Logging.LogLevelFilterLogger.Error(System.Exception,System.String)] Missing &lt;param name=&quot;message&quot;/&gt; documentation [C:\Users\apolcyn\grpc_workspace\grpc\doc\ref\csharp\html\Working\BuildTopics.proj]
BuildAssembler : warning : ShowMissingComponent: [M:Grpc.Core.Logging.LogLevelFilterLogger.Error(System.String)] Missing &lt;param name=&quot;message&quot;/&gt; documentation [C:\Users\apolcyn\grpc_workspace\grpc\doc\ref\csharp\html\Working\BuildTopics.proj]
BuildAssembler : warning : ShowMissingComponent: [M:Grpc.Core.Logging.LogLevelFilterLogger.Error(System.String,System.Object[])] Missing &lt;param name=&quot;format&quot;/&gt; documentation [C:\Users\apolcyn\grpc_workspace\grpc\doc\ref\csharp\html\Working\BuildTopics.proj]
BuildAssembler : warning : ShowMissingComponent: [M:Grpc.Core.Logging.LogLevelFilterLogger.Error(System.String,System.Object[])] Missing &lt;param name=&quot;formatArgs&quot;/&gt; documentation [C:\Users\apolcyn\grpc_workspace\grpc\doc\ref\csharp\html\Working\BuildTopics.proj]
BuildAssembler : warning : ShowMissingComponent: [M:Grpc.Core.Logging.LogLevelFilterLogger.ForType``1] Missing &lt;typeparam name=&quot;T&quot;/&gt; documentation [C:\Users\apolcyn\grpc_workspace\grpc\doc\ref\csharp\html\Working\BuildTopics.proj]
BuildAssembler : warning : ShowMissingComponent: [M:Grpc.Core.Logging.LogLevelFilterLogger.Info(System.String)] Missing &lt;param name=&quot;message&quot;/&gt; documentation [C:\Users\apolcyn\grpc_workspace\grpc\doc\ref\csharp\html\Working\BuildTopics.proj]
BuildAssembler : warning : ShowMissingComponent: [M:Grpc.Core.Logging.LogLevelFilterLogger.Info(System.String,System.Object[])] Missing &lt;param name=&quot;format&quot;/&gt; documentation [C:\Users\apolcyn\grpc_workspace\grpc\doc\ref\csharp\html\Working\BuildTopics.proj]
BuildAssembler : warning : ShowMissingComponent: [M:Grpc.Core.Logging.LogLevelFilterLogger.Info(System.String,System.Object[])] Missing &lt;param name=&quot;formatArgs&quot;/&gt; documentation [C:\Users\apolcyn\grpc_workspace\grpc\doc\ref\csharp\html\Working\BuildTopics.proj]
BuildAssembler : warning : ShowMissingComponent: [M:Grpc.Core.Logging.LogLevelFilterLogger.Warning(System.Exception,System.String)] Missing &lt;param name=&quot;exception&quot;/&gt; documentation [C:\Users\apolcyn\grpc_workspace\grpc\doc\ref\csharp\html\Working\BuildTopics.proj]
BuildAssembler : warning : ShowMissingComponent: [M:Grpc.Core.Logging.LogLevelFilterLogger.Warning(System.Exception,System.String)] Missing &lt;param name=&quot;message&quot;/&gt; documentation [C:\Users\apolcyn\grpc_workspace\grpc\doc\ref\csharp\html\Working\BuildTopics.proj]
BuildAssembler : warning : ShowMissingComponent: [M:Grpc.Core.Logging.LogLevelFilterLogger.Warning(System.String)] Missing &lt;param name=&quot;message&quot;/&gt; documentation [C:\Users\apolcyn\grpc_workspace\grpc\doc\ref\csharp\html\Working\BuildTopics.proj]
BuildAssembler : warning : ShowMissingComponent: [M:Grpc.Core.Logging.LogLevelFilterLogger.Warning(System.String,System.Object[])] Missing &lt;param name=&quot;format&quot;/&gt; documentation [C:\Users\apolcyn\grpc_workspace\grpc\doc\ref\csharp\html\Working\BuildTopics.proj]
BuildAssembler : warning : ShowMissingComponent: [M:Grpc.Core.Logging.LogLevelFilterLogger.Warning(System.String,System.Object[])] Missing &lt;param name=&quot;formatArgs&quot;/&gt; documentation [C:\Users\apolcyn\grpc_workspace\grpc\doc\ref\csharp\html\Working\BuildTopics.proj]
BuildAssembler : warning : ShowMissingComponent: [M:Grpc.Core.Logging.NullLogger.Debug(System.String)] Missing &lt;param name=&quot;message&quot;/&gt; documentation [C:\Users\apolcyn\grpc_workspace\grpc\doc\ref\csharp\html\Working\BuildTopics.proj]
BuildAssembler : warning : ShowMissingComponent: [M:Grpc.Core.Logging.NullLogger.Debug(System.String,System.Object[])] Missing &lt;param name=&quot;format&quot;/&gt; documentation [C:\Users\apolcyn\grpc_workspace\grpc\doc\ref\csharp\html\Working\BuildTopics.proj]
BuildAssembler : warning : ShowMissingComponent: [M:Grpc.Core.Logging.NullLogger.Debug(System.String,System.Object[])] Missing &lt;param name=&quot;formatArgs&quot;/&gt; documentation [C:\Users\apolcyn\grpc_workspace\grpc\doc\ref\csharp\html\Working\BuildTopics.proj]
BuildAssembler : warning : ShowMissingComponent: [M:Grpc.Core.Logging.NullLogger.Error(System.Exception,System.String)] Missing &lt;param name=&quot;exception&quot;/&gt; documentation [C:\Users\apolcyn\grpc_workspace\grpc\doc\ref\csharp\html\Working\BuildTopics.proj]
BuildAssembler : warning : ShowMissingComponent: [M:Grpc.Core.Logging.NullLogger.Error(System.Exception,System.String)] Missing &lt;param name=&quot;message&quot;/&gt; documentation [C:\Users\apolcyn\grpc_workspace\grpc\doc\ref\csharp\html\Working\BuildTopics.proj]
BuildAssembler : warning : ShowMissingComponent: [M:Grpc.Core.Logging.NullLogger.Error(System.String)] Missing &lt;param name=&quot;message&quot;/&gt; documentation [C:\Users\apolcyn\grpc_workspace\grpc\doc\ref\csharp\html\Working\BuildTopics.proj]
BuildAssembler : warning : ShowMissingComponent: [M:Grpc.Core.Logging.NullLogger.Error(System.String,System.Object[])] Missing &lt;param name=&quot;format&quot;/&gt; documentation [C:\Users\apolcyn\grpc_workspace\grpc\doc\ref\csharp\html\Working\BuildTopics.proj]
BuildAssembler : warning : ShowMissingComponent: [M:Grpc.Core.Logging.NullLogger.Error(System.String,System.Object[])] Missing &lt;param name=&quot;formatArgs&quot;/&gt; documentation [C:\Users\apolcyn\grpc_workspace\grpc\doc\ref\csharp\html\Working\BuildTopics.proj]
BuildAssembler : warning : ShowMissingComponent: [M:Grpc.Core.Logging.NullLogger.ForType``1] Missing &lt;typeparam name=&quot;T&quot;/&gt; documentation [C:\Users\apolcyn\grpc_workspace\grpc\doc\ref\csharp\html\Working\BuildTopics.proj]
BuildAssembler : warning : ShowMissingComponent: [M:Grpc.Core.Logging.NullLogger.Info(System.String)] Missing &lt;param name=&quot;message&quot;/&gt; documentation [C:\Users\apolcyn\grpc_workspace\grpc\doc\ref\csharp\html\Working\BuildTopics.proj]
BuildAssembler : warning : ShowMissingComponent: [M:Grpc.Core.Logging.NullLogger.Info(System.String,System.Object[])] Missing &lt;param name=&quot;format&quot;/&gt; documentation [C:\Users\apolcyn\grpc_workspace\grpc\doc\ref\csharp\html\Working\BuildTopics.proj]
BuildAssembler : warning : ShowMissingComponent: [M:Grpc.Core.Logging.NullLogger.Info(System.String,System.Object[])] Missing &lt;param name=&quot;formatArgs&quot;/&gt; documentation [C:\Users\apolcyn\grpc_workspace\grpc\doc\ref\csharp\html\Working\BuildTopics.proj]
BuildAssembler : warning : ShowMissingComponent: [M:Grpc.Core.Logging.NullLogger.Warning(System.Exception,System.String)] Missing &lt;param name=&quot;exception&quot;/&gt; documentation [C:\Users\apolcyn\grpc_workspace\grpc\doc\ref\csharp\html\Working\BuildTopics.proj]
BuildAssembler : warning : ShowMissingComponent: [M:Grpc.Core.Logging.NullLogger.Warning(System.Exception,System.String)] Missing &lt;param name=&quot;message&quot;/&gt; documentation [C:\Users\apolcyn\grpc_workspace\grpc\doc\ref\csharp\html\Working\BuildTopics.proj]
BuildAssembler : warning : ShowMissingComponent: [M:Grpc.Core.Logging.NullLogger.Warning(System.String)] Missing &lt;param name=&quot;message&quot;/&gt; documentation [C:\Users\apolcyn\grpc_workspace\grpc\doc\ref\csharp\html\Working\BuildTopics.proj]
BuildAssembler : warning : ShowMissingComponent: [M:Grpc.Core.Logging.NullLogger.Warning(System.String,System.Object[])] Missing &lt;param name=&quot;format&quot;/&gt; documentation [C:\Users\apolcyn\grpc_workspace\grpc\doc\ref\csharp\html\Working\BuildTopics.proj]
BuildAssembler : warning : ShowMissingComponent: [M:Grpc.Core.Logging.NullLogger.Warning(System.String,System.Object[])] Missing &lt;param name=&quot;formatArgs&quot;/&gt; documentation [C:\Users\apolcyn\grpc_workspace\grpc\doc\ref\csharp\html\Working\BuildTopics.proj]
BuildAssembler : warning : ShowMissingComponent: [M:Grpc.Core.Logging.TextWriterLogger.#ctor(System.Func{System.IO.TextWriter})] Missing &lt;param name=&quot;textWriterProvider&quot;/&gt; documentation [C:\Users\apolcyn\grpc_workspace\grpc\doc\ref\csharp\html\Working\BuildTopics.proj]
BuildAssembler : warning : ShowMissingComponent: [M:Grpc.Core.Logging.TextWriterLogger.#ctor(System.Func{System.IO.TextWriter},System.Type)] Missing &lt;param name=&quot;textWriterProvider&quot;/&gt; documentation [C:\Users\apolcyn\grpc_workspace\grpc\doc\ref\csharp\html\Working\BuildTopics.proj]
BuildAssembler : warning : ShowMissingComponent: [M:Grpc.Core.Logging.TextWriterLogger.#ctor(System.Func{System.IO.TextWriter},System.Type)] Missing &lt;param name=&quot;forType&quot;/&gt; documentation [C:\Users\apolcyn\grpc_workspace\grpc\doc\ref\csharp\html\Working\BuildTopics.proj]
BuildAssembler : warning : ShowMissingComponent: [M:Grpc.Core.Logging.TextWriterLogger.#ctor(System.IO.TextWriter)] Missing &lt;param name=&quot;textWriter&quot;/&gt; documentation [C:\Users\apolcyn\grpc_workspace\grpc\doc\ref\csharp\html\Working\BuildTopics.proj]
BuildAssembler : warning : ShowMissingComponent: [M:Grpc.Core.Logging.TextWriterLogger.Debug(System.String)] Missing &lt;param name=&quot;message&quot;/&gt; documentation [C:\Users\apolcyn\grpc_workspace\grpc\doc\ref\csharp\html\Working\BuildTopics.proj]
BuildAssembler : warning : ShowMissingComponent: [M:Grpc.Core.Logging.TextWriterLogger.Debug(System.String,System.Object[])] Missing &lt;param name=&quot;format&quot;/&gt; documentation [C:\Users\apolcyn\grpc_workspace\grpc\doc\ref\csharp\html\Working\BuildTopics.proj]
BuildAssembler : warning : ShowMissingComponent: [M:Grpc.Core.Logging.TextWriterLogger.Debug(System.String,System.Object[])] Missing &lt;param name=&quot;formatArgs&quot;/&gt; documentation [C:\Users\apolcyn\grpc_workspace\grpc\doc\ref\csharp\html\Working\BuildTopics.proj]
BuildAssembler : warning : ShowMissingComponent: [M:Grpc.Core.Logging.TextWriterLogger.Error(System.Exception,System.String)] Missing &lt;param name=&quot;exception&quot;/&gt; documentation [C:\Users\apolcyn\grpc_workspace\grpc\doc\ref\csharp\html\Working\BuildTopics.proj]
BuildAssembler : warning : ShowMissingComponent: [M:Grpc.Core.Logging.TextWriterLogger.Error(System.Exception,System.String)] Missing &lt;param name=&quot;message&quot;/&gt; documentation [C:\Users\apolcyn\grpc_workspace\grpc\doc\ref\csharp\html\Working\BuildTopics.proj]
BuildAssembler : warning : ShowMissingComponent: [M:Grpc.Core.Logging.TextWriterLogger.Error(System.String)] Missing &lt;param name=&quot;message&quot;/&gt; documentation [C:\Users\apolcyn\grpc_workspace\grpc\doc\ref\csharp\html\Working\BuildTopics.proj]
BuildAssembler : warning : ShowMissingComponent: [M:Grpc.Core.Logging.TextWriterLogger.Error(System.String,System.Object[])] Missing &lt;param name=&quot;format&quot;/&gt; documentation [C:\Users\apolcyn\grpc_workspace\grpc\doc\ref\csharp\html\Working\BuildTopics.proj]
BuildAssembler : warning : ShowMissingComponent: [M:Grpc.Core.Logging.TextWriterLogger.Error(System.String,System.Object[])] Missing &lt;param name=&quot;formatArgs&quot;/&gt; documentation [C:\Users\apolcyn\grpc_workspace\grpc\doc\ref\csharp\html\Working\BuildTopics.proj]
BuildAssembler : warning : ShowMissingComponent: [M:Grpc.Core.Logging.TextWriterLogger.ForType``1] Missing &lt;typeparam name=&quot;T&quot;/&gt; documentation [C:\Users\apolcyn\grpc_workspace\grpc\doc\ref\csharp\html\Working\BuildTopics.proj]
BuildAssembler : warning : ShowMissingComponent: [M:Grpc.Core.Logging.TextWriterLogger.Info(System.String)] Missing &lt;param name=&quot;message&quot;/&gt; documentation [C:\Users\apolcyn\grpc_workspace\grpc\doc\ref\csharp\html\Working\BuildTopics.proj]
BuildAssembler : warning : ShowMissingComponent: [M:Grpc.Core.Logging.TextWriterLogger.Info(System.String,System.Object[])] Missing &lt;param name=&quot;format&quot;/&gt; documentation [C:\Users\apolcyn\grpc_workspace\grpc\doc\ref\csharp\html\Working\BuildTopics.proj]
BuildAssembler : warning : ShowMissingComponent: [M:Grpc.Core.Logging.TextWriterLogger.Info(System.String,System.Object[])] Missing &lt;param name=&quot;formatArgs&quot;/&gt; documentation [C:\Users\apolcyn\grpc_workspace\grpc\doc\ref\csharp\html\Working\BuildTopics.proj]
BuildAssembler : warning : ShowMissingComponent: [M:Grpc.Core.Logging.TextWriterLogger.Warning(System.Exception,System.String)] Missing &lt;param name=&quot;exception&quot;/&gt; documentation [C:\Users\apolcyn\grpc_workspace\grpc\doc\ref\csharp\html\Working\BuildTopics.proj]
BuildAssembler : warning : ShowMissingComponent: [M:Grpc.Core.Logging.TextWriterLogger.Warning(System.Exception,System.String)] Missing &lt;param name=&quot;message&quot;/&gt; documentation [C:\Users\apolcyn\grpc_workspace\grpc\doc\ref\csharp\html\Working\BuildTopics.proj]
BuildAssembler : warning : ShowMissingComponent: [M:Grpc.Core.Logging.TextWriterLogger.Warning(System.String)] Missing &lt;param name=&quot;message&quot;/&gt; documentation [C:\Users\apolcyn\grpc_workspace\grpc\doc\ref\csharp\html\Working\BuildTopics.proj]
BuildAssembler : warning : ShowMissingComponent: [M:Grpc.Core.Logging.TextWriterLogger.Warning(System.String,System.Object[])] Missing &lt;param name=&quot;format&quot;/&gt; documentation [C:\Users\apolcyn\grpc_workspace\grpc\doc\ref\csharp\html\Working\BuildTopics.proj]
BuildAssembler : warning : ShowMissingComponent: [M:Grpc.Core.Logging.TextWriterLogger.Warning(System.String,System.Object[])] Missing &lt;param name=&quot;formatArgs&quot;/&gt; documentation [C:\Users\apolcyn\grpc_workspace\grpc\doc\ref\csharp\html\Working\BuildTopics.proj]
BuildAssembler : warning : ShowMissingComponent: [M:Grpc.Core.Utils.AsyncStreamExtensions.ForEachAsync``1(Grpc.Core.IAsyncStreamReader{``0},System.Func{``0,System.Threading.Tasks.Task})] Missing &lt;typeparam name=&quot;T&quot;/&gt; documentation [C:\Users\apolcyn\grpc_workspace\grpc\doc\ref\csharp\html\Working\BuildTopics.proj]
BuildAssembler : warning : ShowMissingComponent: [M:Grpc.Core.Utils.AsyncStreamExtensions.ForEachAsync``1(Grpc.Core.IAsyncStreamReader{``0},System.Func{``0,System.Threading.Tasks.Task})] Missing &lt;param name=&quot;streamReader&quot;/&gt; documentation [C:\Users\apolcyn\grpc_workspace\grpc\doc\ref\csharp\html\Working\BuildTopics.proj]
BuildAssembler : warning : ShowMissingComponent: [M:Grpc.Core.Utils.AsyncStreamExtensions.ForEachAsync``1(Grpc.Core.IAsyncStreamReader{``0},System.Func{``0,System.Threading.Tasks.Task})] Missing &lt;param name=&quot;asyncAction&quot;/&gt; documentation [C:\Users\apolcyn\grpc_workspace\grpc\doc\ref\csharp\html\Working\BuildTopics.proj]
BuildAssembler : warning : ShowMissingComponent: [M:Grpc.Core.Utils.AsyncStreamExtensions.ToListAsync``1(Grpc.Core.IAsyncStreamReader{``0})] Missing &lt;typeparam name=&quot;T&quot;/&gt; documentation [C:\Users\apolcyn\grpc_workspace\grpc\doc\ref\csharp\html\Working\BuildTopics.proj]
BuildAssembler : warning : ShowMissingComponent: [M:Grpc.Core.Utils.AsyncStreamExtensions.ToListAsync``1(Grpc.Core.IAsyncStreamReader{``0})] Missing &lt;param name=&quot;streamReader&quot;/&gt; documentation [C:\Users\apolcyn\grpc_workspace\grpc\doc\ref\csharp\html\Working\BuildTopics.proj]
BuildAssembler : warning : ShowMissingComponent: [M:Grpc.Core.Utils.AsyncStreamExtensions.WriteAllAsync``1(Grpc.Core.IClientStreamWriter{``0},System.Collections.Generic.IEnumerable{``0},System.Boolean)] Missing &lt;typeparam name=&quot;T&quot;/&gt; documentation [C:\Users\apolcyn\grpc_workspace\grpc\doc\ref\csharp\html\Working\BuildTopics.proj]
BuildAssembler : warning : ShowMissingComponent: [M:Grpc.Core.Utils.AsyncStreamExtensions.WriteAllAsync``1(Grpc.Core.IClientStreamWriter{``0},System.Collections.Generic.IEnumerable{``0},System.Boolean)] Missing &lt;param name=&quot;streamWriter&quot;/&gt; documentation [C:\Users\apolcyn\grpc_workspace\grpc\doc\ref\csharp\html\Working\BuildTopics.proj]
BuildAssembler : warning : ShowMissingComponent: [M:Grpc.Core.Utils.AsyncStreamExtensions.WriteAllAsync``1(Grpc.Core.IClientStreamWriter{``0},System.Collections.Generic.IEnumerable{``0},System.Boolean)] Missing &lt;param name=&quot;elements&quot;/&gt; documentation [C:\Users\apolcyn\grpc_workspace\grpc\doc\ref\csharp\html\Working\BuildTopics.proj]
BuildAssembler : warning : ShowMissingComponent: [M:Grpc.Core.Utils.AsyncStreamExtensions.WriteAllAsync``1(Grpc.Core.IClientStreamWriter{``0},System.Collections.Generic.IEnumerable{``0},System.Boolean)] Missing &lt;param name=&quot;complete&quot;/&gt; documentation [C:\Users\apolcyn\grpc_workspace\grpc\doc\ref\csharp\html\Working\BuildTopics.proj]
BuildAssembler : warning : ShowMissingComponent: [M:Grpc.Core.Utils.AsyncStreamExtensions.WriteAllAsync``1(Grpc.Core.IServerStreamWriter{``0},System.Collections.Generic.IEnumerable{``0})] Missing &lt;typeparam name=&quot;T&quot;/&gt; documentation [C:\Users\apolcyn\grpc_workspace\grpc\doc\ref\csharp\html\Working\BuildTopics.proj]
BuildAssembler : warning : ShowMissingComponent: [M:Grpc.Core.Utils.AsyncStreamExtensions.WriteAllAsync``1(Grpc.Core.IServerStreamWriter{``0},System.Collections.Generic.IEnumerable{``0})] Missing &lt;param name=&quot;streamWriter&quot;/&gt; documentation [C:\Users\apolcyn\grpc_workspace\grpc\doc\ref\csharp\html\Working\BuildTopics.proj]
BuildAssembler : warning : ShowMissingComponent: [M:Grpc.Core.Utils.AsyncStreamExtensions.WriteAllAsync``1(Grpc.Core.IServerStreamWriter{``0},System.Collections.Generic.IEnumerable{``0})] Missing &lt;param name=&quot;elements&quot;/&gt; documentation [C:\Users\apolcyn\grpc_workspace\grpc\doc\ref\csharp\html\Working\BuildTopics.proj]
BuildAssembler : warning : ShowMissingComponent: [M:Grpc.Core.Utils.BenchmarkUtil.RunBenchmark(System.Int32,System.Int32,System.Action)] Missing &lt;param name=&quot;warmupIterations&quot;/&gt; documentation [C:\Users\apolcyn\grpc_workspace\grpc\doc\ref\csharp\html\Working\BuildTopics.proj]
BuildAssembler : warning : ShowMissingComponent: [M:Grpc.Core.Utils.BenchmarkUtil.RunBenchmark(System.Int32,System.Int32,System.Action)] Missing &lt;param name=&quot;benchmarkIterations&quot;/&gt; documentation [C:\Users\apolcyn\grpc_workspace\grpc\doc\ref\csharp\html\Working\BuildTopics.proj]
BuildAssembler : warning : ShowMissingComponent: [M:Grpc.Core.Utils.BenchmarkUtil.RunBenchmark(System.Int32,System.Int32,System.Action)] Missing &lt;param name=&quot;action&quot;/&gt; documentation [C:\Users\apolcyn\grpc_workspace\grpc\doc\ref\csharp\html\Working\BuildTopics.proj]
BuildAssembler : warning : ShowMissingComponent: [M:Grpc.Core.Utils.GrpcPreconditions.CheckNotNull``1(``0)] Missing &lt;typeparam name=&quot;T&quot;/&gt; documentation [C:\Users\apolcyn\grpc_workspace\grpc\doc\ref\csharp\html\Working\BuildTopics.proj]
BuildAssembler : warning : ShowMissingComponent: [M:Grpc.Core.Utils.GrpcPreconditions.CheckNotNull``1(``0,System.String)] Missing &lt;typeparam name=&quot;T&quot;/&gt; documentation [C:\Users\apolcyn\grpc_workspace\grpc\doc\ref\csharp\html\Working\BuildTopics.proj]
  Processed 511 topic(s)
  222 warning(s)
  CopyFromIndexComponent: &quot;reflection&quot; in-memory cache entries used: 8 of 15.
  CopyFromIndexComponent: &quot;comments&quot; in-memory cache entries used: 4 of 30.
Done Building Project &quot;C:\Users\apolcyn\grpc_workspace\grpc\doc\ref\csharp\html\Working\BuildTopics.proj&quot; (default targets).

Build succeeded.

Time Elapsed 00:00:18.39
    Last step completed in 00:00:18.5313
</buildStep>
<buildStep step="CombiningIntermediateTocFiles">
Combining conceptual and API intermediate TOC files...
    Last step completed in 00:00:00.0000
</buildStep>
<buildStep step="ExtractingHtmlInfo">
Extracting HTML info for HTML Help 1 and/or website...
[C:\Windows\Microsoft.NET\Framework64\v4.0.30319\MSBuild.exe - ExtractHtmlInfo.proj]
Sandcastle Help File Builder and Tools, version 2016.5.28.0
Copyright c 2006-2016, Eric Woodruff, All Rights Reserved
E-Mail: Eric@EWoodruff.us

Using LCID &#39;1033&#39;, code page &#39;65001&#39;, encoding charset &#39;UTF-8&#39;.

Processing website files in C:\Users\apolcyn\grpc_workspace\grpc\doc\ref\csharp\html\Working\Output\Website
Processed 511 HTML files
Sorting keywords and generating See Also indices
Saving website keyword index to C:\Users\apolcyn\grpc_workspace\grpc\doc\ref\csharp\html\Working\WebKI.xml
Saving website table of contents to C:\Users\apolcyn\grpc_workspace\grpc\doc\ref\csharp\html\Working\WebTOC.xml
    Last step completed in 00:00:00.6875
</buildStep>
<buildStep step="CopyStandardHelpContent">
Copying standard help content...
C:\Program Files (x86)\EWSoftware\Sandcastle Help File Builder\PresentationStyles\VS2013\icons\AlertCaution.png -&gt; C:\Users\apolcyn\grpc_workspace\grpc\doc\ref\csharp\html\Working\Output\Website\icons\AlertCaution.png
C:\Program Files (x86)\EWSoftware\Sandcastle Help File Builder\PresentationStyles\VS2013\icons\AlertNote.png -&gt; C:\Users\apolcyn\grpc_workspace\grpc\doc\ref\csharp\html\Working\Output\Website\icons\AlertNote.png
C:\Program Files (x86)\EWSoftware\Sandcastle Help File Builder\PresentationStyles\VS2013\icons\AlertSecurity.png -&gt; C:\Users\apolcyn\grpc_workspace\grpc\doc\ref\csharp\html\Working\Output\Website\icons\AlertSecurity.png
C:\Program Files (x86)\EWSoftware\Sandcastle Help File Builder\PresentationStyles\VS2013\icons\CFW.gif -&gt; C:\Users\apolcyn\grpc_workspace\grpc\doc\ref\csharp\html\Working\Output\Website\icons\CFW.gif
C:\Program Files (x86)\EWSoftware\Sandcastle Help File Builder\PresentationStyles\VS2013\icons\CodeExample.png -&gt; C:\Users\apolcyn\grpc_workspace\grpc\doc\ref\csharp\html\Working\Output\Website\icons\CodeExample.png
C:\Program Files (x86)\EWSoftware\Sandcastle Help File Builder\PresentationStyles\VS2013\icons\favicon.ico -&gt; C:\Users\apolcyn\grpc_workspace\grpc\doc\ref\csharp\html\Working\Output\Website\icons\favicon.ico
C:\Program Files (x86)\EWSoftware\Sandcastle Help File Builder\PresentationStyles\VS2013\icons\privclass.gif -&gt; C:\Users\apolcyn\grpc_workspace\grpc\doc\ref\csharp\html\Working\Output\Website\icons\privclass.gif
C:\Program Files (x86)\EWSoftware\Sandcastle Help File Builder\PresentationStyles\VS2013\icons\privdelegate.gif -&gt; C:\Users\apolcyn\grpc_workspace\grpc\doc\ref\csharp\html\Working\Output\Website\icons\privdelegate.gif
C:\Program Files (x86)\EWSoftware\Sandcastle Help File Builder\PresentationStyles\VS2013\icons\privenumeration.gif -&gt; C:\Users\apolcyn\grpc_workspace\grpc\doc\ref\csharp\html\Working\Output\Website\icons\privenumeration.gif
C:\Program Files (x86)\EWSoftware\Sandcastle Help File Builder\PresentationStyles\VS2013\icons\privevent.gif -&gt; C:\Users\apolcyn\grpc_workspace\grpc\doc\ref\csharp\html\Working\Output\Website\icons\privevent.gif
C:\Program Files (x86)\EWSoftware\Sandcastle Help File Builder\PresentationStyles\VS2013\icons\privextension.gif -&gt; C:\Users\apolcyn\grpc_workspace\grpc\doc\ref\csharp\html\Working\Output\Website\icons\privextension.gif
C:\Program Files (x86)\EWSoftware\Sandcastle Help File Builder\PresentationStyles\VS2013\icons\privfield.gif -&gt; C:\Users\apolcyn\grpc_workspace\grpc\doc\ref\csharp\html\Working\Output\Website\icons\privfield.gif
C:\Program Files (x86)\EWSoftware\Sandcastle Help File Builder\PresentationStyles\VS2013\icons\privinterface.gif -&gt; C:\Users\apolcyn\grpc_workspace\grpc\doc\ref\csharp\html\Working\Output\Website\icons\privinterface.gif
C:\Program Files (x86)\EWSoftware\Sandcastle Help File Builder\PresentationStyles\VS2013\icons\privmethod.gif -&gt; C:\Users\apolcyn\grpc_workspace\grpc\doc\ref\csharp\html\Working\Output\Website\icons\privmethod.gif
C:\Program Files (x86)\EWSoftware\Sandcastle Help File Builder\PresentationStyles\VS2013\icons\privproperty.gif -&gt; C:\Users\apolcyn\grpc_workspace\grpc\doc\ref\csharp\html\Working\Output\Website\icons\privproperty.gif
C:\Program Files (x86)\EWSoftware\Sandcastle Help File Builder\PresentationStyles\VS2013\icons\privstructure.gif -&gt; C:\Users\apolcyn\grpc_workspace\grpc\doc\ref\csharp\html\Working\Output\Website\icons\privstructure.gif
C:\Program Files (x86)\EWSoftware\Sandcastle Help File Builder\PresentationStyles\VS2013\icons\protclass.gif -&gt; C:\Users\apolcyn\grpc_workspace\grpc\doc\ref\csharp\html\Working\Output\Website\icons\protclass.gif
C:\Program Files (x86)\EWSoftware\Sandcastle Help File Builder\PresentationStyles\VS2013\icons\protdelegate.gif -&gt; C:\Users\apolcyn\grpc_workspace\grpc\doc\ref\csharp\html\Working\Output\Website\icons\protdelegate.gif
C:\Program Files (x86)\EWSoftware\Sandcastle Help File Builder\PresentationStyles\VS2013\icons\protenumeration.gif -&gt; C:\Users\apolcyn\grpc_workspace\grpc\doc\ref\csharp\html\Working\Output\Website\icons\protenumeration.gif
C:\Program Files (x86)\EWSoftware\Sandcastle Help File Builder\PresentationStyles\VS2013\icons\protevent.gif -&gt; C:\Users\apolcyn\grpc_workspace\grpc\doc\ref\csharp\html\Working\Output\Website\icons\protevent.gif
C:\Program Files (x86)\EWSoftware\Sandcastle Help File Builder\PresentationStyles\VS2013\icons\protextension.gif -&gt; C:\Users\apolcyn\grpc_workspace\grpc\doc\ref\csharp\html\Working\Output\Website\icons\protextension.gif
C:\Program Files (x86)\EWSoftware\Sandcastle Help File Builder\PresentationStyles\VS2013\icons\protfield.gif -&gt; C:\Users\apolcyn\grpc_workspace\grpc\doc\ref\csharp\html\Working\Output\Website\icons\protfield.gif
C:\Program Files (x86)\EWSoftware\Sandcastle Help File Builder\PresentationStyles\VS2013\icons\protinterface.gif -&gt; C:\Users\apolcyn\grpc_workspace\grpc\doc\ref\csharp\html\Working\Output\Website\icons\protinterface.gif
C:\Program Files (x86)\EWSoftware\Sandcastle Help File Builder\PresentationStyles\VS2013\icons\protmethod.gif -&gt; C:\Users\apolcyn\grpc_workspace\grpc\doc\ref\csharp\html\Working\Output\Website\icons\protmethod.gif
C:\Program Files (x86)\EWSoftware\Sandcastle Help File Builder\PresentationStyles\VS2013\icons\protoperator.gif -&gt; C:\Users\apolcyn\grpc_workspace\grpc\doc\ref\csharp\html\Working\Output\Website\icons\protoperator.gif
C:\Program Files (x86)\EWSoftware\Sandcastle Help File Builder\PresentationStyles\VS2013\icons\protproperty.gif -&gt; C:\Users\apolcyn\grpc_workspace\grpc\doc\ref\csharp\html\Working\Output\Website\icons\protproperty.gif
C:\Program Files (x86)\EWSoftware\Sandcastle Help File Builder\PresentationStyles\VS2013\icons\protstructure.gif -&gt; C:\Users\apolcyn\grpc_workspace\grpc\doc\ref\csharp\html\Working\Output\Website\icons\protstructure.gif
C:\Program Files (x86)\EWSoftware\Sandcastle Help File Builder\PresentationStyles\VS2013\icons\pubclass.gif -&gt; C:\Users\apolcyn\grpc_workspace\grpc\doc\ref\csharp\html\Working\Output\Website\icons\pubclass.gif
C:\Program Files (x86)\EWSoftware\Sandcastle Help File Builder\PresentationStyles\VS2013\icons\pubdelegate.gif -&gt; C:\Users\apolcyn\grpc_workspace\grpc\doc\ref\csharp\html\Working\Output\Website\icons\pubdelegate.gif
C:\Program Files (x86)\EWSoftware\Sandcastle Help File Builder\PresentationStyles\VS2013\icons\pubenumeration.gif -&gt; C:\Users\apolcyn\grpc_workspace\grpc\doc\ref\csharp\html\Working\Output\Website\icons\pubenumeration.gif
C:\Program Files (x86)\EWSoftware\Sandcastle Help File Builder\PresentationStyles\VS2013\icons\pubevent.gif -&gt; C:\Users\apolcyn\grpc_workspace\grpc\doc\ref\csharp\html\Working\Output\Website\icons\pubevent.gif
C:\Program Files (x86)\EWSoftware\Sandcastle Help File Builder\PresentationStyles\VS2013\icons\pubextension.gif -&gt; C:\Users\apolcyn\grpc_workspace\grpc\doc\ref\csharp\html\Working\Output\Website\icons\pubextension.gif
C:\Program Files (x86)\EWSoftware\Sandcastle Help File Builder\PresentationStyles\VS2013\icons\pubfield.gif -&gt; C:\Users\apolcyn\grpc_workspace\grpc\doc\ref\csharp\html\Working\Output\Website\icons\pubfield.gif
C:\Program Files (x86)\EWSoftware\Sandcastle Help File Builder\PresentationStyles\VS2013\icons\pubinterface.gif -&gt; C:\Users\apolcyn\grpc_workspace\grpc\doc\ref\csharp\html\Working\Output\Website\icons\pubinterface.gif
C:\Program Files (x86)\EWSoftware\Sandcastle Help File Builder\PresentationStyles\VS2013\icons\pubmethod.gif -&gt; C:\Users\apolcyn\grpc_workspace\grpc\doc\ref\csharp\html\Working\Output\Website\icons\pubmethod.gif
C:\Program Files (x86)\EWSoftware\Sandcastle Help File Builder\PresentationStyles\VS2013\icons\puboperator.gif -&gt; C:\Users\apolcyn\grpc_workspace\grpc\doc\ref\csharp\html\Working\Output\Website\icons\puboperator.gif
C:\Program Files (x86)\EWSoftware\Sandcastle Help File Builder\PresentationStyles\VS2013\icons\pubproperty.gif -&gt; C:\Users\apolcyn\grpc_workspace\grpc\doc\ref\csharp\html\Working\Output\Website\icons\pubproperty.gif
C:\Program Files (x86)\EWSoftware\Sandcastle Help File Builder\PresentationStyles\VS2013\icons\pubstructure.gif -&gt; C:\Users\apolcyn\grpc_workspace\grpc\doc\ref\csharp\html\Working\Output\Website\icons\pubstructure.gif
C:\Program Files (x86)\EWSoftware\Sandcastle Help File Builder\PresentationStyles\VS2013\icons\SectionCollapsed.png -&gt; C:\Users\apolcyn\grpc_workspace\grpc\doc\ref\csharp\html\Working\Output\Website\icons\SectionCollapsed.png
C:\Program Files (x86)\EWSoftware\Sandcastle Help File Builder\PresentationStyles\VS2013\icons\SectionExpanded.png -&gt; C:\Users\apolcyn\grpc_workspace\grpc\doc\ref\csharp\html\Working\Output\Website\icons\SectionExpanded.png
C:\Program Files (x86)\EWSoftware\Sandcastle Help File Builder\PresentationStyles\VS2013\icons\slMobile.gif -&gt; C:\Users\apolcyn\grpc_workspace\grpc\doc\ref\csharp\html\Working\Output\Website\icons\slMobile.gif
C:\Program Files (x86)\EWSoftware\Sandcastle Help File Builder\PresentationStyles\VS2013\icons\static.gif -&gt; C:\Users\apolcyn\grpc_workspace\grpc\doc\ref\csharp\html\Working\Output\Website\icons\static.gif
C:\Program Files (x86)\EWSoftware\Sandcastle Help File Builder\PresentationStyles\VS2013\icons\xna.gif -&gt; C:\Users\apolcyn\grpc_workspace\grpc\doc\ref\csharp\html\Working\Output\Website\icons\xna.gif
C:\Program Files (x86)\EWSoftware\Sandcastle Help File Builder\PresentationStyles\VS2013\scripts\branding.js -&gt; C:\Users\apolcyn\grpc_workspace\grpc\doc\ref\csharp\html\Working\Output\Website\scripts\branding.js
C:\Program Files (x86)\EWSoftware\Sandcastle Help File Builder\PresentationStyles\VS2013\styles\branding-cs-CZ.css -&gt; C:\Users\apolcyn\grpc_workspace\grpc\doc\ref\csharp\html\Working\Output\Website\styles\branding-cs-CZ.css
C:\Program Files (x86)\EWSoftware\Sandcastle Help File Builder\PresentationStyles\VS2013\styles\branding-de-DE.css -&gt; C:\Users\apolcyn\grpc_workspace\grpc\doc\ref\csharp\html\Working\Output\Website\styles\branding-de-DE.css
C:\Program Files (x86)\EWSoftware\Sandcastle Help File Builder\PresentationStyles\VS2013\styles\branding-en-US.css -&gt; C:\Users\apolcyn\grpc_workspace\grpc\doc\ref\csharp\html\Working\Output\Website\styles\branding-en-US.css
C:\Program Files (x86)\EWSoftware\Sandcastle Help File Builder\PresentationStyles\VS2013\styles\branding-es-ES.css -&gt; C:\Users\apolcyn\grpc_workspace\grpc\doc\ref\csharp\html\Working\Output\Website\styles\branding-es-ES.css
C:\Program Files (x86)\EWSoftware\Sandcastle Help File Builder\PresentationStyles\VS2013\styles\branding-fr-FR.css -&gt; C:\Users\apolcyn\grpc_workspace\grpc\doc\ref\csharp\html\Working\Output\Website\styles\branding-fr-FR.css
C:\Program Files (x86)\EWSoftware\Sandcastle Help File Builder\PresentationStyles\VS2013\styles\branding-Help1.css -&gt; C:\Users\apolcyn\grpc_workspace\grpc\doc\ref\csharp\html\Working\Output\Website\styles\branding-Help1.css
C:\Program Files (x86)\EWSoftware\Sandcastle Help File Builder\PresentationStyles\VS2013\styles\branding-HelpViewer.css -&gt; C:\Users\apolcyn\grpc_workspace\grpc\doc\ref\csharp\html\Working\Output\Website\styles\branding-HelpViewer.css
C:\Program Files (x86)\EWSoftware\Sandcastle Help File Builder\PresentationStyles\VS2013\styles\branding-it-IT.css -&gt; C:\Users\apolcyn\grpc_workspace\grpc\doc\ref\csharp\html\Working\Output\Website\styles\branding-it-IT.css
C:\Program Files (x86)\EWSoftware\Sandcastle Help File Builder\PresentationStyles\VS2013\styles\branding-ja-JP.css -&gt; C:\Users\apolcyn\grpc_workspace\grpc\doc\ref\csharp\html\Working\Output\Website\styles\branding-ja-JP.css
C:\Program Files (x86)\EWSoftware\Sandcastle Help File Builder\PresentationStyles\VS2013\styles\branding-ko-KR.css -&gt; C:\Users\apolcyn\grpc_workspace\grpc\doc\ref\csharp\html\Working\Output\Website\styles\branding-ko-KR.css
C:\Program Files (x86)\EWSoftware\Sandcastle Help File Builder\PresentationStyles\VS2013\styles\branding-pl-PL.css -&gt; C:\Users\apolcyn\grpc_workspace\grpc\doc\ref\csharp\html\Working\Output\Website\styles\branding-pl-PL.css
C:\Program Files (x86)\EWSoftware\Sandcastle Help File Builder\PresentationStyles\VS2013\styles\branding-pt-BR.css -&gt; C:\Users\apolcyn\grpc_workspace\grpc\doc\ref\csharp\html\Working\Output\Website\styles\branding-pt-BR.css
C:\Program Files (x86)\EWSoftware\Sandcastle Help File Builder\PresentationStyles\VS2013\styles\branding-ru-RU.css -&gt; C:\Users\apolcyn\grpc_workspace\grpc\doc\ref\csharp\html\Working\Output\Website\styles\branding-ru-RU.css
C:\Program Files (x86)\EWSoftware\Sandcastle Help File Builder\PresentationStyles\VS2013\styles\branding-tr-TR.css -&gt; C:\Users\apolcyn\grpc_workspace\grpc\doc\ref\csharp\html\Working\Output\Website\styles\branding-tr-TR.css
C:\Program Files (x86)\EWSoftware\Sandcastle Help File Builder\PresentationStyles\VS2013\styles\branding-Website.css -&gt; C:\Users\apolcyn\grpc_workspace\grpc\doc\ref\csharp\html\Working\Output\Website\styles\branding-Website.css
C:\Program Files (x86)\EWSoftware\Sandcastle Help File Builder\PresentationStyles\VS2013\styles\branding-zh-CN.css -&gt; C:\Users\apolcyn\grpc_workspace\grpc\doc\ref\csharp\html\Working\Output\Website\styles\branding-zh-CN.css
C:\Program Files (x86)\EWSoftware\Sandcastle Help File Builder\PresentationStyles\VS2013\styles\branding-zh-TW.css -&gt; C:\Users\apolcyn\grpc_workspace\grpc\doc\ref\csharp\html\Working\Output\Website\styles\branding-zh-TW.css
C:\Program Files (x86)\EWSoftware\Sandcastle Help File Builder\PresentationStyles\VS2013\styles\branding.css -&gt; C:\Users\apolcyn\grpc_workspace\grpc\doc\ref\csharp\html\Working\Output\Website\styles\branding.css
C:\Program Files (x86)\EWSoftware\Sandcastle Help File Builder\PresentationStyles\VS2013\Web\index.html -&gt; C:\Users\apolcyn\grpc_workspace\grpc\doc\ref\csharp\html\Working\Output\Website\index.html
C:\Program Files (x86)\EWSoftware\Sandcastle Help File Builder\PresentationStyles\VS2013\Web\search.html -&gt; C:\Users\apolcyn\grpc_workspace\grpc\doc\ref\csharp\html\Working\Output\Website\search.html
C:\Program Files (x86)\EWSoftware\Sandcastle Help File Builder\PresentationStyles\VS2013\Web\SearchHelp.aspx -&gt; C:\Users\apolcyn\grpc_workspace\grpc\doc\ref\csharp\html\Working\Output\Website\SearchHelp.aspx
C:\Program Files (x86)\EWSoftware\Sandcastle Help File Builder\PresentationStyles\VS2013\Web\SearchHelp.inc.php -&gt; C:\Users\apolcyn\grpc_workspace\grpc\doc\ref\csharp\html\Working\Output\Website\SearchHelp.inc.php
C:\Program Files (x86)\EWSoftware\Sandcastle Help File Builder\PresentationStyles\VS2013\Web\SearchHelp.php -&gt; C:\Users\apolcyn\grpc_workspace\grpc\doc\ref\csharp\html\Working\Output\Website\SearchHelp.php
C:\Program Files (x86)\EWSoftware\Sandcastle Help File Builder\PresentationStyles\VS2013\Web\Web.Config -&gt; C:\Users\apolcyn\grpc_workspace\grpc\doc\ref\csharp\html\Working\Output\Website\Web.Config
C:\Program Files (x86)\EWSoftware\Sandcastle Help File Builder\PresentationStyles\VS2013\Web\icons\Search.png -&gt; C:\Users\apolcyn\grpc_workspace\grpc\doc\ref\csharp\html\Working\Output\Website\icons\Search.png
C:\Program Files (x86)\EWSoftware\Sandcastle Help File Builder\PresentationStyles\VS2013\Web\icons\TocClose.gif -&gt; C:\Users\apolcyn\grpc_workspace\grpc\doc\ref\csharp\html\Working\Output\Website\icons\TocClose.gif
C:\Program Files (x86)\EWSoftware\Sandcastle Help File Builder\PresentationStyles\VS2013\Web\icons\TocCollapsed.gif -&gt; C:\Users\apolcyn\grpc_workspace\grpc\doc\ref\csharp\html\Working\Output\Website\icons\TocCollapsed.gif
C:\Program Files (x86)\EWSoftware\Sandcastle Help File Builder\PresentationStyles\VS2013\Web\icons\TocExpanded.gif -&gt; C:\Users\apolcyn\grpc_workspace\grpc\doc\ref\csharp\html\Working\Output\Website\icons\TocExpanded.gif
C:\Program Files (x86)\EWSoftware\Sandcastle Help File Builder\PresentationStyles\VS2013\Web\icons\TocOpen.gif -&gt; C:\Users\apolcyn\grpc_workspace\grpc\doc\ref\csharp\html\Working\Output\Website\icons\TocOpen.gif
C:\Program Files (x86)\EWSoftware\Sandcastle Help File Builder\PresentationStyles\VS2013\Web\scripts\branding-Website.js -&gt; C:\Users\apolcyn\grpc_workspace\grpc\doc\ref\csharp\html\Working\Output\Website\scripts\branding-Website.js
C:\Program Files (x86)\EWSoftware\Sandcastle Help File Builder\PresentationStyles\VS2013\Web\scripts\jquery-1.11.0.min.js -&gt; C:\Users\apolcyn\grpc_workspace\grpc\doc\ref\csharp\html\Working\Output\Website\scripts\jquery-1.11.0.min.js
    Last step completed in 00:00:00.2656
</buildStep>
<buildStep step="GenerateHelpFormatTableOfContents">
Generating website table of contents file...
    Last step completed in 00:00:00.0000
</buildStep>
<buildStep step="GenerateFullTextIndex">
Generating full-text index for the website...

<plugIn name="Lightweight Website Style" behavior="After" priority="1000">
Adding lightweight search and TOC elements to each topic...
</plugIn>    Last step completed in 00:00:01.4219
</buildStep>
<buildStep step="CopyingWebsiteFiles">
Copying website files to output folder...

Copied 500 files
Copied 788 files for the website content
    Last step completed in 00:00:00.3750
</buildStep>
<buildStep step="CleanIntermediates">
Removing intermediate files...
    Last step completed in 00:00:00.1562
</buildStep>
<buildStep step="Completed">

Build completed successfully at 8/18/2016 7:40:26 PM.  Total time: 00:00:24.5156

</buildStep>
</shfbBuild>
