Looking in indexes: https://us-python.pkg.dev/artifact-foundry-prod/ah-3p-staging-python/simple/
Processing /usr/local/google/home/ssreenithi/my_forks/grpc
  Installing build dependencies: started
  Installing build dependencies: finished with status 'done'
  Getting requirements to build wheel: started
  Getting requirements to build wheel: finished with status 'done'
  Preparing metadata (pyproject.toml): started
  Preparing metadata (pyproject.toml): finished with status 'done'
Requirement already satisfied: typing-extensions~=4.12 in /usr/local/google/home/ssreenithi/.pyenv/versions/3.12.0/envs/pyvenv_312/lib/python3.12/site-packages (from grpcio==1.79.0.dev0) (4.15.0)
Building wheels for collected packages: grpcio
  Building wheel for grpcio (pyproject.toml): started
  Building wheel for grpcio (pyproject.toml): still running...
  Building wheel for grpcio (pyproject.toml): still running...
  Building wheel for grpcio (pyproject.toml): finished with status 'done'
  Created wheel for grpcio: filename=grpcio-1.79.0.dev0-cp312-cp312-linux_x86_64.whl size=208294362 sha256=77a46197b610a3a6fecb4d0de8290239ed8433a13e334de1da368bc2f32015d3
  Stored in directory: /tmp/pip-ephem-wheel-cache-7_z5z8wh/wheels/07/9f/c6/de0ae5ea4f3125f54f734ab8c43cb631724b3abd85dd0db483
Successfully built grpcio
Installing collected packages: grpcio
  Attempting uninstall: grpcio
    Found existing installation: grpcio 1.79.0.dev0
    Uninstalling grpcio-1.79.0.dev0:
      Successfully uninstalled grpcio-1.79.0.dev0
Successfully installed grpcio-1.79.0.dev0

[notice] A new release of pip is available: 23.2.1 -> 26.0.1
[notice] To update, run: python -m pip install --upgrade pip
